NPC 이름: 마법사 크롬
스토리: 마법사 클랜의 현대화에 반대하는 한 노부부. 그림자 같은 존재로 여행자들을 보호한다.
퀘스트1:
이름: 오크 사냥
내용: 최근 마을 근처에서 오크 떼가 나타나 마을 사람들을 위협하고 있다. 마을 사람들은 마법사 당신에게 오크를 모두 잡아달라고 요청한다.
태스크: 오크 10명 처치
보상: 은화 500, 경험치 100, 마나 회복 물약 3개

퀘스트2:
이름: 침략하는 픽시
내용: 평화로운 마을에 갑작스런 픽시의 침략이 닥쳤다. 마법사님, 우리를 도와주세요!
태스크: 픽시 20명 처치
보상: 은화 700, 경험치 150, 체력 회복 물약 3개, 픽시의 귀 등의 소재로 만든 마법사 로브

퀘스트3:
이름: 마법의 돌을 찾아서
내용: 전설 속의 마법의 돌을 찾아서 마법사 크롬에게 가져다 주면 그가 보상을 해줄 것이다.
태스크: 마법의 돌 1개 획득
보상: 은화 1000, 경험치 200, 마법의 돌 재료로 만든 마법사 스태프

퀘스트4:
이름: 마을 방어력 강화
내용: 마을을 공격하는 강력한 몬스터가 나타나기 시작했다. 마법사 님, 마을 방어를 강화해주세요!
태스크: 방어력 3단계 강화 아이템 모으기
보상: 은화 1500, 경험치 300, 방어력 강화 재료로 만든 마법사 망토
