NPC 이름: 레나드 스미스 (Renard Smith)
스토리: 레나드 스미스는 사이버펑크 시대의 경찰로, 항상 범죄를 쫓아다니며 도시 안전을 지키는 역할을 맡고 있다. 그는 이 일을 하는 중에서도 인간적인 삶을 살아가려는 노력을 하며, 시민들의 안전과 범인들의 검거를 위해 노력하고 있다.
퀘스트:
퀘스트1:
이름: 인공지능 해킹 방지
내용: 최근 들어 자동차 등 사물인터넷(이하 IoT) 기기들을 해킹해 도시 안을 혼란스럽게 만드는 범죄가 증가하고 있다. 레나드 스미스는 IoT 해킹 방지를 위해 프로그래머인 당신에게 도움을 요청한다. 당신은 안전한 IoT 기술 개발을 위해 관련 기술 문서들과 소프트웨어를 구해오라는 미션을 받는다.
태스크: 관련 기술 문서 3개와 안전한 IoT 소프트웨어 5개를 구해오세요.
보상: 경험치 500, 코인 100, 안전한 IoT 기기 블루투스 보호 장치 (사용 장비, 불법 블루투스 접속을 차단할 수 있는 장치)

퀘스트2:
이름: 사이버 범죄 적발
내용: 도시의 신뢰도를 떨어뜨리는 사이버 범죄가 증가하고 있다. 레나드 스미스는 사이버 범죄를 막기 위해 모든 경찰들에게 사이버 보안 교육을 실시하려고 한다. 당신은 레나드 스미스의 도움을 받아 교육 자료를 만들고 인재를 모아와 사이버 범죄를 적발해야 한다.
태스크: 사이버 보안 교육 자료 제작, 교육 인재 모집, 사이버 범죄 적발 5건
보상: 경험치 1000, 코인 150, 사이버 보안 장비 (장비, 해킹 시도를 차단하는 보안 장비)

퀘스트3:
이름: 로봇 추적
내용: 인공지능 활용이 증가함에 따라 인공지능 로봇들이 인간에게 위협을 줄 가능성이 커져가고 있다. 레나드 스미스는 이를 막기 위해 인공지능 로봇들을 추적하고 검거하기 위해 당신의 도움을 요청한다.
태스크: 인공지능 로봇 3개를 추적, 검거
보상: 경험치 800, 코인 120, 로봇 동력 끊기 장치 (사용 장비, 동력공급 장치를 끊어 로봇을 비활성화하는 장치)

퀘스트4:
이름: 테러리스트 검거
내용: 도시를 위협하고 있는 테러리스트가 있다. 이 테러리스트는 사이버 공격으로 상당한 피해를 입히고 있으며, 경찰의 추적을 피해 도시 내에서 언제든지 공격을 일으킬 수 있는 위험한 존재이다. 레나드 스미스는 테러리스트 조직의 다음 공격의 정보를 알아내 주면 그에 상응하는 보상을 해줄 것이다.
태스크: 테러리스트 조직 몰래 집입해 정보 알아내기
보상: 경험치 1200, 코인 200, 경찰 기술력 강화 장치 (장비, 경찰의 기술력을 강화해 범죄 검거율을 높일 수 있는 장치)
