NPC 이름: 로랜
스토리: 로랜은 왕실에서 출신한 자질 있는 기사다. 어린 시절부터 검술을 배웠으며, 뛰어난 전투 기술을 갖추고 있다. 그는 자신이 명예로운 일만을 수행한다는 철학을 갖고 있으며, 왕실과 백성들을 보호하기 위해 항상 노력한다.
퀘스트1: 검 위에 끝난 요람
이름: 검 다루기 연습
내용: 로랜은 새로운 검을 구매했는데, 그의 실력을 검증하기 위해서 검 다루기 연습을 하고자 한다. 당신은 로랜을 도와 그에게 추가적인 연습을 제공해야 한다.
태스크: 검 다루기 연습을 위해 검을 손에 들고 연습을 30회 이상 진행하십시오.
보상: 경험치 200, 로랜의 자신감이 높아져 공격력이 10% 상승하는 스킬북.
퀘스트2: 그림자 복도에서의 야전
이름: 잘못된 드레스
내용: 로랜은 왕실 공주의 드레스를 손질하다가 실수로 더러운 자국을 남겼다. 이것이 왕실의 가치관에 어긋난다는 것을 잘 알고 있기 때문에 로랜은 이 문제를 해결하기 위해 공주와 함께 그림자 복도로 가서 세탁을 할 계획이다. 그러나 현재 그 복도는 악당들이 들어와 안전하지 않다. 당신은 로랜과 공주를 안전하게 그룹으로 보호해야 한다.
태스크: 로랜과 함께 그림자 복도를 지나, 공주의 드레스를 모조리 세탁하십시오. 그리고 그들의 안전을 보장하십시오.
보상: 경험치 400, 공주와 로랜의 사이가 높아져 공주의 호감도가 상승하는 아이템.
퀘스트3: 마녀의 사악한 계획
이름: 마녀 올리버에게 빚진 채
내용: 로랜이 국왕의 명으로 마녀 올리버를 잡기 위해서 마녀의 집으로 들어갔다가, 그녀에게 잡혀서 빚을 진 상황이다. 마녀 올리버는 로랜에게 그녀가 원하는 것을 가져오면 빚을 대신 갚아주겠다고 조건을 내건다. 당신은 로랜을 도와 그녀가 원하는 물건을 찾아줘야 한다.
태스크: 마녀 올리버를 찾아가 자신이 원하는 아이템을 찾아 그녀에게 가져가십시오.
보상: 경험치 600, 마녀 올리버의 물약 한 병.
퀘스트4: 정전이 된 마을
이름: 시계 작동 재개
내용: 로랜은 하루 아침, 마을 사람들이 모두 방치된 상태로 정전이 되어있는 마을에 도착한다. 마을 주민들은 모두 각자의 일을 하지 못하고 있다. 로랜은 작동되지 않는 시계 탑의 문제를 발견하고, 이 문제를 해결해 마을을 구할 계획이다. 하지만 당신은 로랜을 도와서 시계 탑 안에 들어가 문제를 해결해야 한다.
태스크: 시계 탑으로 가서 작동되지 않는 기계 부품들을 수리하십시오.
보상: 경험치 800, 작동하는 시계 탑으로부터 일정 시간마다 받을 수 있는 전용 경험치 아이템.
