NPC 이름: 셀리나
스토리: 셀리나는 훌륭한 방어구 상인이다. 그녀는 모험이 끊이지 않는 세상에서 모험가들이 안전하게 여행할 수 있도록 늘 최선을 다하고 있다. 그녀는 기존의 방어구를 더욱 강화하거나, 새로운 방어구를 제작하며, 모험가들의 안전을 위해 늘 일하고 있다.
퀘스트:
퀘스트1:
이름: 강화된 팔보호구
내용: 셀리나는 모험가들을 위해 강화된 팔보호구를 만드는 일에 열심이다. 그녀는 당신에게 특별하게 강화된 팔보호구를 만들어 달라고 부탁한다.
태스크: 반짝이는 철광석 10개를 가져다 주세요.
보상: 강화된 팔보호구, 경험치 100, 골드 20

퀘스트2:
이름: 새로운 방패
내용: 셀리나는 최근 몬스터의 공격이 강해지면서 더욱 튼튼한 방패가 필요하다는 것을 느꼈다. 그녀는 당신에게 새로운 방패를 만들어 달라고 부탁한다.
태스크: 코카트리스 가죽 5장을 가져다 주세요.
보상: 새로운 방패, 경험치 100, 골드 20

퀘스트3:
이름: 잃어버린 썬더러너 갑옷
내용: 셀리나는 최근 잃어버린 썬더러너 갑옷을 찾고 있다. 그녀는 당신에게 그 갑옷을 찾아 달라고 부탁한다.
태스크: 썬더러너의 갑옷을 찾아서 가져다 주세요.
보상: 경험치 200, 골드 30, 빛나는 방어구 상자

퀘스트4:
이름: 철갑옷 생산량 증대
내용: 셀리나는 최근에 수요가 많아져 생산량을 늘려야 한다는 압박을 받고 있다. 그녀는 당신에게 철광석을 가져다 달라고 부탁한다.
태스크: 철광석 20개를 가져다 주세요.
보상: 경험치 100, 골드 20, 철갑옷
