NPC 이름: 제이드 
스토리: 제이드는 제국 내에서 가장 유명한 암살자 중 한 명입니다. 명성으로 인해 명예보다는 돈을 좋아하며, 보통은 제국 내에서 매우 비밀스러운 임무를 수행합니다. 그녀는 항상 작업을 수행하기 전에 그녀를 찾는 사람들이 매우 신중하게 선택했는지 확인하는 공정한 방식으로 일한다는 것으로 알려져 있습니다. 
퀘스트: 물건 수송 서비스 
이름: 상인의 협박
내용: 제이드는 특정 상인이 다른 상점들을 위협하고 폐업시키기 때문에 문제가 된다는 보고를 받았습니다. 그녀는 그에게 멈추라는 경고를 보내려고 합니다. 하지만 그는 자신의 경호원으로 무장하고 있습니다. 그녀는 그것을 가능하게 하기 위해 그의 경호원 3명을 처치해 그를 약화시키려고 합니다.
태스크: 심장을 한 번에 쏴 잡으세요. 모든 경호원을 쓸려다가 대처할 시간까지 주지 않도록 새로운 규칙을 도입했기 때문에 모두를 해치지 않아야 합니다.
보상: 돈 20개, 신호기 (휴대폰으로 찾을 수 있는 NPC를 랜덤하게 한 명 찾는 아이템)
 
퀘스트: 목표물 처치 
이름: 검은 깃발
내용: 제이드는 현재 세력단체인 검은 깃발의 특수 요원을 추적 중입니다. 그녀는 그녀를 추적하는 과정에서 검은 깃발의 비밀병기를 발견했습니다. 그녀는 그것을 제한시키기 위해 그것을 구해야합니다.
태스크: 비밀병기를 설정하고, 검은 깃발의 특수 요원 1명을 처치해야 합니다.
보상: 돈 30개, 블랙마켓에서 구매할 수있는 비밀병기 사용권 (화살표 형태의 스타일리시한 무기)
 
퀘스트: 제국의 안보를 위해 
이름: 정보 파기와 제거 
내용: 제이드는 현재 특정 사이버 해커들의 존재를 알고 있습니다. 그들이 제국의 중요한 정보에 접근했다는 것입니다. 그들은 분명히 그것을 가지고 뭔가를 계획하고 있기 때문에 제이드는 계획을 저지하기 위해 그들의 정보를 파괴하고 제거해야 합니다.
태스크: 행동 인터페이스를 이용하여 정보 초보자들을 처치하고 정보를 모조리 파괴해야 합니다.
보상: 돈 50개, 세련된 검은색 안경 (정보를 찾을 때 유용)
 
퀘스트: 데이터 백업 
이름: 정부의 암시장 
내용: 제이드는 특정 정부 장관이 현재 자신의 직책을 유지하기 위해 선거를 조작하려는 시도를 하고 있다는 것을 알게됩니다. 그녀는 그를 중단시키고 라이벌 후보가 이번 기회를 잡을 수 있도록 하려고 합니다. 
태스크: 정부 구역의 서버에 암시장과 관련된 데이터를 백업하고 장관을 처치해야 합니다.
보상: 돈 70개, 정부와 관련된 모든 거래를 할 수 있는 정부 어둠의 주머니(100개 이하의 장비, 기타 아이템을 포함할 수 있음)
