NPC 이름: 브랜든 (Brendan) 
스토리: 브랜든은 경찰 겸 프로그래머로, 첨단 IT 기술을 이용해 범죄 행위를 추적하고 검거하는 일을 하고 있다. 그는 자신의 직업에 자부심을 가지고 있으며 어떤 상황에서도 신뢰성과 안전성에 항상 우선순위를 둔다. 그는 최근에 최첨단 AI 보안 시스템을 개발하여 범죄 사건 해결에 큰 기여를 하였다.

퀘스트 1: 특수 부대의 조사
이름: 특수 부대의 조사 (Investigation of Special Warfare)
내용: 최근에 마을에 들어온 특수 부대가 정체를 알 수 없이 활동하고 있다. 이들의 활동을 추적하고 그들이 어떤 목적을 가지고 있는지 조사를 시도한다.
태스크: 
1. 마을 주변에 특수 부대의 활동 흔적을 찾아내기
2. 그들의 목적과 활동을 참조하여 보고서 작성하기
보상: 경험치 100, 마나 회복 물약x5, 보안 로그 분석 프로그램 

퀘스트 2: 해킹 일으키기
이름: 해킹 일으키기 (Cause a hacking incident)
내용: 최근에 브랜든이 개발한 AI 보안 시스템을 해킹하여 시스템의 잠금을 해제하는 일을 시도하는 해커 그룹이 있다. 이들을 검거하고 시스템 보안 강화 방안을 모색한다. 
태스크:
1. 해커 그룹 동향 파악하기 
2. 시스템 보안 강화 방안을 모색하여 보고서 작성하기 
보상: 경험치 150, 방어구 강화 프로그램, 해커 대응 연구 보고서 

퀘스트 3: 강력 범죄 조사
이름: 강력 범죄 조사 (Investigation of Violent Crime)
내용: 최근에 발생한 강력 범죄 사건을 브랜든은 꼼꼼하게 조사하고 있다. 이범죄자의 행적을 추적하여 검거한다.
태스크:
1. 범죄 현장 현장 조사하여 증거 확보하기
2. 용의자 신원 파악하기 
3. 브랜든이 개발한 AI 보안 시스템 이용하여 범죄자 위치를 추적하기
보상: 경험치 200, 고장난 무기 수리 도구, 범죄자 검거 보고서 

퀘스트 4: 도박장 조사
이름: 도박장 조사 (Investigation of Gambling Den)
내용: 최근에 마을에 생긴 의심스러운 도박장을 브랜든은 감시하고 있다. 그는 도박장의 운영 상황을 조사하여 검거하기로 결심한다.
태스크: 
1. 도박장 입구 주변 감시 카메라 설치하기 
2. 도박장 운영 상황 조사하여 보고서 작성하기 
보상: 경험치 250, 현금 1000원, 체력 회복 물약x10
