NPC 이름: 루시엔
스토리: 루시엔은 예전부터 검사라는 꿈을 가지고 있었다. 그녀의 아버지는 도시 경비대 대장으로, 어릴 적부터 그녀는 그의 이야기를 듣고 자랐다. 그녀는 언젠가는 아버지처럼 대장이 되어 도시를 지키겠다는 큰 꿈을 품고 있었다. 그러던 중에 어느 날, 루시엔은 아버지가 어둠의 세력에게 납치되는 것을 목격하였다. 그녀는 도시 경비대에 가입하여, 아버지를 찾는 여정을 떠나게 되었다.
퀘스트1:
이름: 어둠의 세력
내용: 루시엔은 아버지를 납치한 어둠의 세력을 찾고, 아버지를 구해야 한다. 그러나 이들은 강력하고 멀리 떨어진 땅에 위치하고 있어, 그들에게 닿기엔 아직 멀었다. 그녀는 이들의 기운이 꺾이지 않도록 먼저 그들이 원하는 물건을 구해야 한다.
태스크: 어둠의 세력이 원하는 마법서 5권을 찾아오기
보상: 경험치 1000, 골드 500, "어둠의 마석" 1개
퀘스트2:
이름: 수수께끼의 골짜기
내용: 어둠의 세력이 찾고 있는 마법서 하나가 수수께끼의 골짜기에 있다는 정보를 입수했다. 하지만 그곳은 매우 위험한 곳으로, 단독으로 가는 것은 극도로 위험하다. 루시엔은 이곳을 탐험할 동료를 모집하고 있다.
태스크: 수수께끼의 골짜기에 있는 "마법서 1권"을 구해오기
보상: 경험치 2000, 골드 1000, "파괴의 결정체" 1개
퀘스트3:
이름: 검은 용 공격
내용: 검은 용이 도시를 습격하고 있어 도시 경비대는 큰 위기에 놓여있다. 루시엔은 도시 경비대의 단장으로, 도시를 지키고 있는 중이다. 그러나 도시의 방어 준비가 너무 약하다. 플레이어는 루시엔과 함께 검은 용을 물리치고 도시를 지켜야 한다.
태스크: 검은 용 1마리 처치
보상: 경험치 3000, 골드 1500, "용의 비늘" 1개
퀘스트4:
이름: 검의 대결
내용: 루시엔은 검술에 대한 열정이 깊다. 그녀의 꿈은 도시 경비대에서 제일 으뜸인 검사가 되는 것이다. 그러나 도시에는 그녀와 대등한 실력의 검사가 몇몇 있다. 루시엔은 그들과 대결하여 승리하고, 자신의 검술에서 한 발 더 나아가고자 한다.
태스크: 도시에서 대전할 검사 3명을 이긴다.
보상: 경험치 4000, 골드 2000, "용사의 검" 1개
