NPC 이름: 아르키메데스

스토리: 옛날부터 이 세계의 방어구는 전설적인 아이템으로 유명했어. 아르키메데스는 그 전설적인 방어구 중 몇몇을 보유하고 있어. 단, 그 방어구들은 지금은 금고에 보관되어 있어서 그것들을 얻고 싶다면 먼저 그 금고의 문제를 해결해야 한다.

퀘스트 1: 금고 문제

이름: 문제 해결

내용: 그 금고는 현재 숨겨진 숫자에서 새 규칙에 따라 디지파드를 해야 열릴 수 있어. 그러니 네가 숨겨진 숫자를 찾은 후, 그에 따라 디지파드를 해서 금고를 열어줘.

태스크: 1. 숨겨진 숫자 찾기 2. 디지파드를 해서 금고 열기

보상: 500골드, 경험치 + 500, 소량의 재료 아이템

퀘스트 2: 전설적인 방어구 1

이름: 전설의 갑옷

내용: 전설적인 갑옷 중 하나인 마력 갑옷을 얻으려면, 너희가 정체불명의 생물체 '드레이크'를 3마리 사냥한 뒤 드레이크의 피를 강숙한 마법사에게 가져가 주어야 해. 마법사가 그것을 가지고 마력 갑옷을 만들어 줄 거야.

태스크: 1. 드레이크를 3마리 사냥하기 2. 드레이크의 피를 마법사에게 전달하기

보상: 마력 갑옷, 경험치 + 1000, 소량의 재료 아이템

퀘스트 3: 전설적인 방어구 2

이름: 전설의 신발

내용: 전설적인 방어구 중 하나인 천공의 신발을 얻으려면, 네가 화산 깊숙한 곳에 있는 용 정령 '타루'를 찾아야 한다. 그 정령의 꼬리털을 가져오면, 천공의 신발을 만들어 줄 거야.

태스크: 1. 화산 깊은 곳으로 가서 타루 찾기 2. 타루의 꼬리털을 가지고 천공의 신발 만들기

보상: 천공의 신발, 경험치 + 1500, 소량의 재료 아이템

퀘스트 4: 전설적인 방어구 3

이름: 전설의 투구

내용: 전설적인 방어구 중 하나인 괴수의 껍질 투구를 얻으려면, 너희가 산 깊숙한 곳에 있는 괴수 '바실리크'를 한 마리 잡아야 한다.

태스크: 1. 산 깊숙한 곳으로 가서 바실리크를 잡기

보상: 괴수의 껍질 투구, 경험치 + 2000, 소량의 재료 아이템
