NPC 이름: 케이론
스토리: 케이론은 매우 강력한 마법사로, 그의 마법은 타인에게도 눈에 띄게 강한 힘을 보여준다. 그러나 그는 우뢰같은 성격 때문에 주위에서 잘 받아들여지지 않는다. 마을 주민들은 그에 대해 조금 두려워하면서도, 그의 마법의 힘에 대해서는 매우 감명을 받는다.

퀘스트 1:
이름: 마력의 수정
내용: 케이론은 작은 마을에 돌아온 후, 마력의 수정을 찾기 위해 플레이어에게 부탁한다. 그는 그것을 자신이 진정한 마법사임을 증명하기 위한 수단으로 사용할 것이다. 
태스크: 마력의 수정 10개 수집 / 마력의 수정은 깊은 동굴에 있는 암석으로부터 채굴할 수 있다.
보상: 마력의 수정 10개와 경험치 100XP

퀘스트 2:
이름: 악마의 새끼
내용: 세상을 타락시키고 파괴하고자하는 악마의 새끼들이 마을 주변에 나타났다. 케이론은 그들을 처치하고 그의 마법으로 잡아들인 악마의 새끼들을 분석해보려 한다.
태스크: 악마의 새끼 5마리 사냥 / 악마의 새끼들은 산속에 서식한다.
보상: 보호의 물약 5개와 경험치 200XP

퀘스트 3:
이름: 마법서 탐색
내용: 케이론은 공지방에서 자신에게 필요한 마법서가 잘못 사용되어 처참하게 태어난 이야기를 듣고 그 마법서를 찾으러 나선다. 그것이 무엇이든 자신에게 필요할 수 있기 때문이다.
태스크: 마법서 1권 찾아오기 / 마법서는 잃어버린 마을의 마법 서재 속에서 찾을 수 있다.
보상: 신비한 마력의 마법서 1권과 경험치 300XP

퀘스트 4:
이름: 악마를 향한 전투
내용: 악마의 왕이 그의 군대를 불러 모으고 마을을 침공한다. 케이론은 마을을 지키기 위해 플레이어에게 전투력을 필요로 한다.
태스크: 악마의 왕과 대화 후, 악마의 왕과 그의 군대를 모두 제거 / 악마의 왕과 그의 군대는 깊은 지하 속에 있는 마력의 성 안에 서식하고 있다.
보상: 마술 장갑 1쌍과 경험치 500XP
