NPC 이름: 브라이언  
스토리: 브라이언은 시티 경찰서에서 일하는 경찰관이다. 그는 범죄를 막기 위해 최선을 다하며, 많은 사람들에게 사이퍼펑크 시티의 안전을 확보하는 데 기여하고 있다. 그는 결단력 있는 성격으로 일을 처리하며, 언제나 의무를 다하고자 노력한다.  
퀘스트:  
퀘스트 1: 브라이언의 부탁  
이름: 보안 강화  
내용: 최근 시티 근처에 위치한 중요 시설물에 해킹 시도가 있었다. 브라이언은 이 시설물을 보호하기 위해 보안 강화를 요청한다. 이를 위해 메인 서버실에서 보안 프로그램을 업그레이드 하고, 경계 타워에 있는 시큐리티 카메라 10개를 수리하여 보안 강화를 완료해야 한다. 
태스크: 
1. 메인 서버실에서 보안 프로그램 업그레이드하기 (1회)
2. 경계 타워에 있는 시큐리티 카메라 10개 수리하기 (1회)
보상: 경험치 100, 크래딧 200, 보안 업그레이드 프로그램 아이템 1개

퀘스트 2: 브라이언의 친구를 찾아  
이름: 친구의 실종  
내용: 브라이언의 친구인 프랭크가 실종되었다. 프랭크는 최근 사이퍼펑크 시대의 아이콘이 된 뮤지션으로, 많은 팬들이 그를 찾고 있다. 브라이언이 프랭크의 흔적을 잡을 수 있는 유일한 증거는 프랭크의 아이패드로, 그를 찾기 위해 프랭크의 아이패드를 수색하여 프랭크가 숨어 있는 장소를 찾아야 한다. 
태스크:
1. 프랭크의 아이패드 수색하기 (1회)
2. 프랭크가 숨어 있는 장소 찾기 (1회)
보상: 경험치 100, 크래딧 200, 프랭크의 새로운 앨범 아이템 1개

퀘스트 3: 브라이언의 일상  
이름: 범죄 예방  
내용: 브라이언은 매일 시티에서 벌어지는 범죄를 예방하는 데 많은 노력을 기울이고 있다. 그는 범죄 예방을 위해 길거리에서 발견되는 범죄자들을 검거하고, 위험한 상황을 조기에 파악하는 능력이 필요하다. 그를 위해 안전 관련 아이템 중 GPS 트래커와 화재 경보기를 모아오라고 요청한다.
태스크: 
1. GPS 트래커 10개 모아오기 (1회)
2. 화재 경보기 5개 모아오기 (1회)
보상: 경험치 100, 크래딧 200, 경계 설정 아이템 1개

퀘스트 4: 브라이언의 취미  
이름: 목표를 잡아라  
내용: 브라이언은 검거하고 싶은 범죄자가 있다. 그러나 그 범죄자의 행적은 모르지만, 이 범죄자의 군수 무기와 판매처를 모두 파악해내야 한다. 브라이언은 경찰의 명예를 위해 그를 검거하고자 한다.
태스크: 
1. 범죄자 관련 정보 찾아내기 (1회)
2. 범죄자 군수 무기 5개 모아오기 (1회)
보상: 경험치 100, 크래딧 200, 범죄자 소포지팡이 아이템 1개
