NPC 이름: 로드릭 
스토리: 로드릭은 오랫동안 이곳 마을을 지켜왔고, 마을 주민들 간의 신뢰도가 높아 방어구 상인으로 일하게 되었다. 그는 마을의 안전을 위해 매일같이 무기와 방어구를 파는 일에 열심이다.

퀘스트 1: 미스틱 마체테 x10
이름: 마체테 수집
내용: 로드릭은 최근 마을 근처에서 드래곤이 출몰하는 사실을 듣고 걱정하고 있다. 그래서 마을 주민들에게 드래곤을 물리치기 위한 약을 만들기 위해 미스틱 마체테를 구하는 것을 부탁했다.
태스크: 미스틱 마체테 x10 수집 후 로드릭에게 제출
보상: 경험치 100, 골드 500, 방어구 강화석 x3

퀘스트 2: 거대한 거미의 수액 x5 
이름: 거미를 물리치자
내용: 로드릭은 최근 마을 일원에서 거대한 거미가 출몰한다는 소식을 듣고 걱정하고 있다. 그래서 거미의 수액을 구해서 방어구를 만들어 일원을 지켜주기를 부탁했다.
태스크: 거대한 거미 사냥 후 거미의 수액 x5 수집 후 로드릭에게 제출
보상: 경험치 150, 골드 700, 방어구 강화석x5, 중급 방어구 랜덤 1개

퀘스트 3: 금속 조각 모으기 x20
이름: 금속 조각 모으기
내용: 로드릭은 방어구를 만드는데 필요한 금속 조각이 부족하다는 사실을 알게 되었다. 그래서 주변 지역에서 금속 조각을 모아오기를 부탁했다.
태스크: 금속 조각 x20 모으기 후 로드릭에게 제출
보상: 경험치 200, 골드 1000, 방어구 강화석 x10, 고급 방어구 랜덤 1개

퀘스트 4: 지하 동굴에서 수수께끼 해결하기
이름: 수수께끼 해결하기
내용: 로드릭은 최근 지하 동굴에서 일어나는 이상한 일로 인해 걱정하고 있었다. 그래서 지하 동굴 수수께끼를 해결하기 위한 모험가를 찾고 있다.
태스크: 지하 동굴에서 수수께끼 해결 후 로드릭에게 제출
보상: 경험치 300, 골드 1500, 방어구 강화석x20, 최상급 방어구 랜덤 1개
