NPC 이름: 디웨인
스토리: 디웨인은 늙은 흑마법사로, 차가운 성격과 강력한 마법으로 유명합니다. 그러나 많은 대사말들이 우리를 괴롭히고 있습니다. 이를 해결해줄 강력한 모험가를 찾고 있습니다.

퀘스트 1:
이름: 해골 도끼
내용: 나는 지금 이곳 근처의 세포재 마을에서 마법을 지켜보고 있는 동안 불안한 향기를 맡았다. 그 줄기를 따라가 봤더니, 해골 도끼라는 이름을 가진 몬스터가 나타났다. 해골 도끼를 5마리 처치하여 그들의 해로운 마법을 막아주길 바란다.
태스크: 해골 도끼 5마리 처치
보상: 1000골드, 경험치 500, 마력의 수정 3개

퀘스트 2:
이름: 지옥불 계란
내용: 내 마법의 연구 중 지옥불이 필요합니다. 나는 그것이 담긴 지옥불 계란을 찾고 있습니다. 당신의 임무는 지옥불 계란 10개를 가져오는 것입니다. 그러나 이 계란을 얻는 것은 매우 어렵습니다. 위험을 감수하고 위험한 지역에 갈지 여부를 생각해보세요.
태스크: 지옥불 계란 10개 수집
보상: 2000골드, 경험치 1000, 지옥불 마법책

퀘스트 3:
이름: 눈 마녀
내용: 이곳 산 꼭대기에 눈 마녀가 서식하고 있습니다. 눈 마녀의 마법은 매우 강력합니다. 따라서 당신이 저 주제에 경주하려면 당신은 그녀를 처치해야 합니다. 눈 마녀를 처치하여 그녀가 지배한 마력 원석 5개를 가져다 주세요.
태스크: 눈 마녀 처치, 마력 원석 5개 수집
보상: 3000골드, 경험치 1500, 흑마법사의 책

퀘스트 4:
이름: 고대번개
내용: 나는 매우 강력한 마법, 고대번개의 비밀을 발견했습니다. 그러나 이 마법을 효과적으로 사용하기 위해서는 마력이 필요합니다. 마력의 원석 15개를 가져오면, 나는 당신에게 고대번개 마법서를 선물로 드릴 것입니다.
태스크: 마력 원석 15개 수집
보상: 5000골드, 경험치 2500, 고대번개 마법서
