NPC 이름: 마리아

스토리: 마리아는 동네에서 가장 유명한 방어구상인이다. 그녀는 어릴 때부터 무기와 방어구 제작에 관심이 많아서 지금까지는 이 업계에서 가장 유명한 사람이 되어 있다. 그녀는 자신이 만든 방어구가 얼마나 좋은지 자랑스럽게 생각하고 있어서 자신이 판매하는 아이템을 잘못 선택하는 것을 싫어한다.

퀘스트 1: 방어구의 양호도

이름: 방어구 검수

내용: 마리아는 자신이 판매하는 아이템의 주인들이 안전하게 살 수 있도록 확인하고 싶어 한다. 이를 위해 방어구 검수를 맡길 수 있는 신뢰할 수 있는 사람을 찾고 있다.

태스크: 마리아는 방어구 검수를 위한 작업을 몇 가지 제안했다. 플레이어는 다양한 유형의 방어구를 테스트하고, 그들이 얼마나 효과적인지를 평가해야 한다.

보상: 경험치, 골드, 방어구 생산 재료

퀘스트 2: 신뢰도 향상

이름: 사기꾼 탐지

내용: 방어구상으로서 마리아는 매우 신뢰할 수 있다는 것을 알고 있지만, 때로는 사기꾼들이 그녀의 상점에서 가짜 아이템을 팔아치는 경우가 있기도 하다. 마리아는 이 문제를 해결하기 위해 플레이어의 도움을 요청한다.

태스크: 플레이어는 상점의 방어구 아이템들을 검사하고, 가짜 아이템을 발견한 경우를 보고해야 한다.

보상: 경험치, 골드, 양질의 방어구

퀘스트 3: 신규 손님

이름: 신규 손님 확보

내용: 마리아는 자신의 상점을 확장하고, 더 많은 손님들이 방문하도록 하고 싶어한다. 이를 위해 마리아는 새로운 손님을 끌어들일 수 있는 방법을 찾고 싶어한다.

태스크: 마리아는 모든 종류의 상점에서 새로운 손님을 끌어들이는 방법을 찾기 위해, 플레이어에게 경쟁자의 상점을 조사하고 더 나은 방안을 제시해 달라고 요청한다.

보상: 경험치, 골드, 새로운 상점 공간 확보

퀘스트 4: 방어구 제작

이름: 방어구 제작

내용: 마리아는 방어구에 대한 열정으로 유명하다. 그녀는 플레이어에게 자신이 만드는 방어구에 대해서도 알아볼 수 있도록 제작 과정에 참여할 것을 제안한다.

태스크: 플레이어는 마리아와 함께 방어구 제작과정에 참여하고, 그들이 만들어낸 제품의 품질을 평가한다.

보상: 경험치, 골드, 고품질 방어구 생산 재료
