NPC 이름: 루카스
스토리: 루카스는 바다에서 태어나 바다에서 자란 어부입니다. 길이 2미터를 넘어가는 대형 어종을 잡는 능력으로 해당 지역에서는 유명한 어부 중 한사람입니다. 그러나 최근 들어 바다의 생태계가 어지러워져서 제대로 된 어종을 잡기가 어려워졌습니다. 루카스는 이 문제를 해결하기 위해 모험가들에게 도움을 요청하고 있습니다.
퀘스트:
퀘스트1: 
이름: 구출 작전
내용: 루카스는 바다에서 위기에 처한 해상사고 피해자를 구해주길 요청합니다. 구해야 할 인원은 3명으로 인명 구조가 진행되는 난이도가 높은 퀘스트입니다.
태스크: 바다에 출항하여 인수탈환을 해야 하며, 인간의 수색 및 구조 기술이 필요합니다. 
보상: 경험치 500, 해산물 10개, 은화 1000개

퀘스트2:
이름: 대량 낚시 대회
내용: 루카스는 모험가들에게 대량 낚시 막대를 제공하고 대회에 참가하여 많은 양의 신선한 생선을 잡는 것을 요청합니다.
태스크: 루카스는 모험가들에게 대량 낚시 막대를 제공하며 낚시 할 수 있는 곳의 위치를 알려줍니다. 
보상: 경험치 300, 낚시로 얻은 생선 50개, 은화 500개

퀘스트3:
이름: 바다 잡기 대결
내용: 루카스는 모험가들에게 바다 생태계를 파괴하는 몬스터와 싸우도록 요청합니다. 이 잡기 대결은 강력한 몬스터와의 싸움입니다.
태스크: 강력한 몬스터와 싸우며, 몬스터를 물리치기 위해서는 물고기 먹이를 사용해야 합니다. 
보상: 경험치 700, 몬스터 드롭 아이템 1개, 은화 1500개

퀘스트4:
이름: 바다의 금괴
내용: 루카스는 모험가에게 바다 밑바닥에서 금괴를 구해오라고 요청합니다. 이 금괴는 루카스가 자신의 배의 수리에 사용할 예정입니다.
태스크: 루카스는 모험가에게 바다 밑바닥으로 내려가는 장비와 산호의 위치를 알려줍니다.
보상: 경험치 1000, 금괴 1개, 은화 2000개
