NPC 이름: 에드워드
스토리: 에드워드는 어릴 적부터 왕실 기사의 꿈을 꾸었습니다. 그래서 노력하고 훈련해서 드디어 왕실 기사가 되었습니다. 하지만 그가 지켜야 할 것은 단순히 왕의 명령이 아니라, 공정한 법과 평화를 지켜내는 것이었습니다.

퀘스트 1: 마을 안전을 위한 임무
이름: 마을 방어
내용: 최근에 마을 주변에서 돌연히 적이 몰려오기 시작했습니다. 마을 주민들은 아무런 대비를 취하지 못하고 두려움 속에서 살고 있습니다. 당신은 마을 주민들의 안전을 위해 적들을 처치하고, 마을에 다시 평화를 가져다주세요.
태스크:
- 마을 주변의 적을 10마리 처치해주세요.
- 적들로부터 방어하는 마을 주민들을 3명 지켜주세요.
보상: 경험치 100, 골드 50, 철제 검

퀘스트 2: 평화 유지
이름: 적의 첩보단
내용: 왕실 기사단의 명예는 평화와 조화를 유지하는 것입니다. 그러나 최근에 왕국 주변에서 이상한 움직임이 보입니다. 당신은 적들의 음모를 밝혀내고 왕국에 평화를 되찾기 위하여 적의 첩보원들을 처치해주세요.
태스크:
- 적의 첩보단을 5명 처치하세요.
- 적의 음모를 드러낸 정보를 가지고 왕에게 보고하세요.
보상: 경험치 150, 골드 70, 철제 갑옷

퀘스트 3: 신뢰 회복
이름: 모험가의 도움
내용: 왕실 기사들의 평판은 최근에 심각하게 떨어졌습니다. 이유는 지난 번 곤경에서 지키지 못한 업무 때문입니다. 당신은 평판 회복을 위해 모험가들의 도움을 받아 몇몇 물건을 찾아오라는 임무를 받습니다.
태스크:
- 숨겨진 보물상자 안에 있는 보물을 찾아주세요.
- 빈민가에 있는 제작자에게 5개의 철 주괴를 구해주세요.
보상: 경험치 200, 골드 100, 레전드 등급의 강화 재료 1개

퀘스트 4: 왕의 은혜
이름: 왕의 자비로움
내용: 왕궁에서 반란 세력이 일어났습니다. 여러 왕실 기사들이 싸움으로 죽거나 부상당할 정도로 격렬한 전투였습니다. 당신은 다치거나 사망한 동료들의 유언을 이루는 데 도움을 주면서 반란 세력을 물리치세요.
태스크:
- 동료 기사가 남긴 유서를 왕을 통해 이루세요.
- 반란 세력의 우두머리를 처치하세요.
보상: 경험치 300, 골드 150, 왕의 장검 (무기)
