NPC 이름: 로이드
스토리: 로이드는 옛날부터 이곳에서 무기 상인으로 일해왔습니다. 그는 타고난 재능으로 인해 왕국 최고의 무기 제작자 중 하나입니다. 하지만 최근들어 동족들이 전쟁으로 많은 피해를 입었다는 소식을 듣고 종종 슬퍼보입니다. 그래도 그는 고객들을 위해 항상 최고급 무기를 만들기 위해 노력하고 있습니다.
퀘스트:
퀘스트1: 
이름: 무기 수거
내용: 로이드는 최근에 동족들과의 전쟁으로 인해 빈민가에서 살던 많은 사람들이 자신의 가게에서 무기를 사기 힘들어 했습니다. 따라서 로이드는 그들을 돕기 위해 마을내에 무기를 수거해오라고 부탁합니다.
태스크: 수령한 무기 10개를 가져와주세요.
보상: 500골드, 경험치 100, [고급 철퇴] (기본 공격력 10~15, 추가 데미지 5)

퀘스트2:
이름: 용사 구하기
내용: 로이드는 용사를 구해서 본인이 만든 최고의 무기를 판매하고 싶어합니다. 하지만 최근들어 용사들이 문제가 많아져 어렵습니다. 따라서 용사를 찾아오는 것을 부탁합니다.
태스크: 용사 1명 구하기
보상: 1000골드, 경험치 200, [용사의 검] (기본 공격력 20~25, 추가 데미지 10)

퀘스트3:
이름: 반지 수집
내용: 로이드는 자신의 손으로 만든 반지들이 대규모 전쟁이 일어나면서 분실되는 일이 많아졌고, 만약 분실된 반지를 되돌려주는 사람이 있다면 상금을 주겠다고 합니다.
태스크: 분실된 반지 5개 수집하기
보상: 1500골드, 경험치 250, [마법반지] (능력치 상승효과 : 체력 +50, 마나 +50)

퀘스트4:
이름: 마왕 사냥
내용: 로이드는 마을 근처의 마왕이 항상 옆동네를 공격하면서 소란스러운 상황이 지속되고 있다는 소식을 듣고 대처하고자 합니다. 함께 마왕을 처치해주시면 보상을 주겠다고 합니다.
태스크: 마왕 1명 처치
보상: 2000골드, 경험치 300, [마왕의 칼] (기본 공격력 30~35, 추가 데미지 20)
