NPC 이름: 이브 (Eve)
스토리: 이브는 전투와 암살에 능한 스팀펑크 세계의 최고 수준의 암살자 중 하나입니다. 스팀펑크 세계에서 존경받는 소수의 인물 중 한 명입니다. 그녀는 고용주로부터 받은 임무를 완수할 뿐 아니라, 솔로 암살자로서 도시의 어두운 곳에서 적들을 처리하고 있습니다.

퀘스트 1: 암살자의 시험
이름: 암살자의 시험
내용: 이브에게서 엄격한 암살자의 시험을 받으세요. 시험에서 통과하면 그녀의 고용주로부터 수많은 임무를 받을 수 있습니다.
태스크: 
- 이브와 상담하십시오. (NPC와 대화하여 퀘스트를 받으세요.)
- 대상이 위치한 장소를 알아내세요. (도시의 하수구에서 대상을 찾을 수 있습니다.)
- 대상을 암살하세요. (대상은 살인 꾼으로, 플레이어는 경비원으로 위장하여 근처에서 대기하다가 대상이 나타나자 바로 처치하세요.)
보상: 경험치 500, 현금 1000, 수류탄 3개

퀘스트 2: 야심가의 요청
이름: 야심가의 요청
내용: 이브는 그녀의 고용주 중 한 명인 야심가가 그녀에게 수행하도록 지시한 암살 임무를 수행하는 것을 요청합니다. 
태스크:
- 이브와 상담하십시오. (NPC와 대화하여 퀘스트를 받으세요.)
- 암살 대상의 보안 시스템을 파괴합니다. (보안 시스템은 대상의 거주지 근처의 물건을 훔쳐서 파괴해야 합니다.)
- 대상을 암살하세요. (대상은 병원에서 여성 의사로 위장한 암살 대상입니다. 대상을 파악하여 그녀를 암살하세요.)
보상: 경험치 700, 현금 1500, 독침 1개

퀘스트 3: 보안 회사
이름: 보안 회사
내용: 이브의 고용주는 보안 회사를 공격하여 접근 권한을 얻으려고 합니다. 이브는 플레이어에게 보안 비밀번호를 탈취하기 위한 임무를 부여합니다.
태스크:
- 이브와 상담하십시오. (NPC와 대화하여 퀘스트를 받으세요.)
- 보안 회사 건물에 들어가서 비밀번호를 찾으세요. (보안회사 건물로 가서 내부 구조를 탐색하여 비밀번호 찾기)
- 비밀번호를 이브에게 돌려주세요. (찾은 비밀번호를 이브에게 전해주세요.)
보상: 경험치 800, 현금 2000, 무기 부품 3개

퀘스트 4: 넥서스 클린징
이름: 넥서스 클린징
내용: 이브는 넥서스라는 조직을 공격하여 그들이 책임을 지고 있는 도시의 문제들을 해결하려고 합니다. 
태스크:
- 이브와 상담하십시오. (NPC와 대화하여 퀘스트를 받으세요.)
- 조직이 집결하는 장소를 찾으세요. (도시의 어느 곳에서 집합하는지 파악한 후 조직을 찾아 출입합니다.)
- 조직원을 처치하세요. (조직원들의 수가 많기 때문에 적절한 전략을 세우고 조직원들을 처치해야 합니다.)
보상: 경험치 1000, 현금 3000, 각성의 깃털 1개
