NPC 이름: 블랙핵 
스토리: 블랙핵은 최고 수준의 해킹 능력을 가진 해커로, 시스템 보안의 취약점을 찾아내고 해킹을 통해 다양한 정보와 자원을 추출하는 일을 하고 있다. 하지만 최근에 경찰과 적대 관계에 놓여 있기 때문에 그를 찾는 것은 꽤나 위험한 일이다.

퀘스트1: 불법 통신 추적 
이름: 탐지 시스템 해킹 
내용: 국가 기관에서 운영하는 통신망이 너무 강력한 보안체계로 막혀 불법 통신을 못하고 있는 상황이다. 블랙핵에게 해당 체계를 해킹하여 불법 통신에 대한 해결책을 찾아오도록 해보자. 
태스크: 국가 기관에서 운영하는 통신망의 보안체계를 해킹하고, 불법 통신을 추적해보자. 
보상: 암호키 x3, 경험치 500, 돈 5000

퀘스트2: 승마장 관리자 해킹 
이름: 호박 언제와? 
내용: 블랙핵이 찾는 사람인 호박이는 승마장에서 일하고 있다고 한다. 그러나 승마장 관리자가 매우 불친절해 호박이를 찾아보지 못하고 있다. 이 승마장 관리자의 정보를 탈취하여 호박이의 머무는 장소를 알아내자. 
태스크: 승마장 관리자의 설비 정보를 탈취한 후, 호박이의 위치를 찾아온다. 
보상: 마구 x1, 경험치 700, 돈 7000

퀘스트3: 해킹 대결 
이름: 최강 해커를 이긴 자 
내용: 세계에서 가장 유명한 해커인 "루니티"의 해킹 기술을 자랑하는 상대와 대결해보자. 블랙핵은 자신이 최강이라는 자신감을 가지고 있지만, 이 대결을 통해 더욱 깊은 인정을 받을 수 있을 것이다. 
태스크: 루니티와 해킹 대결을 한다. 
보상: 해킹 도구 x1, 경험치 1000, 돈 10000

퀘스트4: 네트워크 해킹 
이름: 보안의 끝 
내용: 블랙핵은 네트워크 시스템의 보안체계를 모두 뚫어버려 해킹을 성공했다. 그러나 이번에는 보안체계가 최강 수준으로 강화되어 뚫기가 굉장히 어려울 것이다. 블랙핵에게 이번 해킹을 성공시켜보자. 
태스크: 최강 보안체계를 뚫어, 네트워크를 해킹한다. 
보상: 크래킹 장갑 x1, 경험치 1500, 돈 15000
