NPC 이름: 레오나
스토리: 레오나는 숙련된 검사로서 많은 전투를 거쳐왔다. 그녀는 검술에 전념하며, 어떠한 상황에서도 냉철하고 뛰어난 전투력으로 만만찮은 적들을 상대한다. 그리고 엘리시움 왕국의 왕자인 브라이언과는 친분이 있어, 그를 보호하기도 한다. 

퀘스트 1: 나무없는 숲
퀘스트 이름: 첫 번째 임무 
내용: 엘리시움 왕국 근처의 숲에 고대 마법으로 베어버린 나무가 사라져, 숲 전체가 어두워져서 주변 주민들이 길을 잃었다. 이 문제를 해결하기 위해 레오나는 암전 포션을 담는 유리병을 3개 찾아야 한다.
태스크: 암전 포션 유리병 3개 수집
보상: 경험치 50, 레오나의 검 강화 아이템 1개, 100골드

퀘스트 2: 영원한 희망
퀘스트 이름: 횃불 찾기 
내용: 마을 주변에 있는 광산에서 일어난 폭발 사고로 인해 광산 내부에 있는 횃불들이 꺼졌다. 그리고 이 횃불들은 지하 동굴 내부의 길을 비추어주는 중요한 역할을 한다. 이 문제를 해결하기 위해 레오나는 굴착 마법사가 쓰는 작은 불씨를 10개 찾아야 한다.
태스크: 굴착 마법사 불씨 10개 수집
보상: 경험치 100, 영원한 희망의 투구(방어구, 행운 +5) 1개, 200골드

퀘스트 3: 유물 수집
퀘스트 이름: 진흙 속의 구슬 
내용: 천년 전 유서 깊은 성의 남쪽 지하에 있는 구덩이 속에서 유물을 찾아와서, 유물 수집가에게 팔아 넣으려는 레오나. 그러나 이 유물을 찾는 것은 참으로 어려운 일이다.
태스크: 진흙 속에서 구슬 1개 수집
보상: 경험치 150, 유물 보호용 갑옷(방어구, 체력 +50) 1개, 300골드

퀘스트 4: 도전의 시작
퀘스트 이름: 리븐의 결투 
내용: 엘리시움 왕국에서 유명한 검사 리븐이 레오나에게 결투를 신청한다. 이 결투에서 이기면, 그녀의 귀걸이를 상대에게 선물할 것이다. 그래서 레오나는 결투에 앞서, 일반 몬스터 50마리를 사냥하도록 한다.
태스크: 일반 몬스터 50마리 사냥
보상: 경험치 200, 리븐의 귀걸이(장신구, 공격력 +10, 체력 +10) 1개, 500골드
