NPC 이름: 리처드
스토리: 리처드는 옛날부터 영웅의 기운을 나타내는 비늘을 찾는 활발한 모험가였다. 그래서 이제는 그가 계시는 마을에서는 리처드를 찾아 비늘을 구하러 떠나는 모험가들이 많다.
퀘스트1: 비늘의 힘
이름: 비늘 구하기
내용: 리처드는 비늘의 힘을 세상에 알릴 수 있도록 고대의 비늘을 찾아올 모험가를 찾고 있다. 비늘은 에메랄드 숲에 있는 고대 유적지에서 찾을 수 있으며, 보스 몬스터를 쓰러뜨려 비늘을 얻어와야 한다.
태스크: 에메랄드 숲으로 가서 고대 유적지에서 보스 몬스터를 쓰러뜨리기
보상: 경험치 1000, 비늘x10, 1000골드

퀘스트2: 막대기의 비밀
이름: 마법 막대 구하기
내용: 마법 막대를 탐구하던 리처드는 마을 근처의 메마른 사막 속에 있는 말벌지옥에서 마법 막대가 숨겨져 있다는 정보를 알아냈다. 모험가는 말벌지옥으로 가서 마법 막대를 찾아오면 된다.
태스크: 말벌지옥으로 가서 마법 막대 찾기
보상: 경험치 1500, 마법 막대x1, 2000골드

퀘스트3: 악마의 노련함
이름: 악마의 혼 구하기
내용: 리처드가 힘들게 무찌른 악마의 혼을 모아, 마법 돌을 만들 수 있는 재료로 만들어야 한다. 악마의 혼은 불타는 산에 있는 악마의 구덩이에서 구할 수 있다.
태스크: 불타는 산에 있는 악마의 구덩이로 가서 악마의 혼 구하기
보상: 경험치 2000, 마법 돌조각x15, 3000골드

퀘스트4: 요정 왕국의 보물
이름: 예언자의 예언을 들어라
내용: 요정 왕국에서는 오랜 옛날부터 보물을 지키고 있다. 그 보물을 찾기 위해서는 예언자의 예언을 들어야 한다. 예언자는 별빛 호수에 사는 요정들 중 한 명이다.
태스크: 별빛 호수로 가서 예언자의 예언을 듣고 보물 찾기
보상: 경험치 2500, 은화x50, 5000골드
