NPC 이름: 레오나
스토리: 레오나는 신념과 의리를 중요시하는 왕실 기사이다. 어떠한 상황에서도 자신의 신념을 절대 포기하지 않으며, 왕국과 백성들을 위해 헌신한다. 최근 왕국에 출현한 악의적인 마술사를 처단하기 위해 모든 기사들과 함께 힘을 합치고 있다.
퀘스트:
퀘스트1:
이름: 마술사의 탄생지
내용: 마술사가 어떤 위력을 가지게 된 원인이 된 마법서를 찾아오라.
태스크: 원하는 아이템(마법서)을 3개 모아오기 (몬스터 사냥으로 얻을 수 있음)
보상: 경험치 500, 체력 회복 물약 3개, 1000 gold

퀘스트2:
이름: 마술사 처단
내용: 마술사를 처단하고, 왕국의 안전을 확보하라.
태스크: 마술사 사냥하여 마술사의 옷감 5개를 가져오기
보상: 경험치 1000, 강화의 비약 1개, 2000 gold

퀘스트3:
이름: 왕실 인연
내용: 왕실의 딸이 사라졌다. 딸을 찾아주면 왕실의 충성도를 얻을 수 있을 것이다.
태스크: 실종된 딸 찾기 (펀치 무역상이 판매하는 쥬얼리를 구매하여 왕실에게 선물하기)
보상: 경험치 1500, HP 회복 물약 5개, 3000 gold

퀘스트4:
이름: 마왕의 돌격
내용: 마왕의 군단이 왕국을 침략하려 한다. 그들을 막아라.
태스크: 마왕의 군단 퇴치하기 (마왕 및 그의 수하 10명 사냥하기)
보상: 경험치 2000, 마슬 슈트 1개, 5000gold
