NPC 이름: 아델리드
스토리: 아델리드는 옛날부터 기사단의 가문에서 태어났다. 그녀는 작은 시절부터 엄격한 훈련과 자신의 가문에 대한 사명감으로 인해 흔들리지 않는 강한 의지를 갖고 있었다. 하지만 그녀는 이제 막 기사로서 자신의 임무를 수행하기 시작한 신입 기사였다. 아델리드는 자신의 실력을 빠르게 증명하고, 자신의 부모님이 하늘에서 자랑스러워할 만한 모습으로 성장해 가고 있었다.

퀘스트:
퀘스트1: 광산의 괴물들
이름: 유령 광부
내용: 광산에서 괴물이 출현해 마을 주민들이 위험에 빠졌다. 아델리드는 광산으로 들어가 최대한 많은 괴물들을 처치해주길 바란다.
태스크: 광산으로 들어간 후 유령 광부 X 마리 처치하기
보상: 경험치 500, 골드 200, 광산에서 얻은 보석

퀘스트2: 붉은 악마
이름: 붉은 지옥
내용: 마을 근처에서 나타난 붉은 악마가 마을 주민들을 위협하고 있다. 아델리드는 붉은 악마를 처치해주기로 결심한다.
태스크: 붉은 악마 처치하기
보상: 경험치 1000, 골드 500, 붉은 악마의 뿔

퀘스트3: 제국의 스파이
이름: 에슬링
내용: 제국의 스파이인 에슬링이 마을에 잠입해 정보를 수집하고 있다. 아델리드는 에슬링을 발견해 제국에 대한 정보를 알아내길 원한다.
태스크: 에슬링을 발견하고 추적하기
보상: 경험치 800, 골드 300, 제국의 보석

퀘스트4: 시간여행
이름: 시간 여행자
내용: 시간 여행자가 마을을 찾아왔다. 그녀는 아델리드에게 과거의 퀘스트를 수행하라고 부탁한다.
태스크: 과거의 퀘스트 수행하기
보상: 경험치 1200, 골드 700, 시간 여행자의 보물 상자
