NPC 이름: 루시엔

스토리: 예전에 백마법사였지만 현재는 마법사 길드에 소속되어 있는 루시엔. 그녀는 수많은 수확절을 보내면서 마법을 통해 자연을 지키는 일을 하고 있다. 최근 마녀들의 공격으로 인해 당황한 마을 사람들이 그녀에게 구원을 청하러 오고 있다.

퀘스트 1: 마을 구원
퀘스트 이름: 마을 구원
내용: 마을 사람들이 최근 마녀들의 공격으로 인해 많이 피해를 입었고, 루시엔에게 구원을 청하러 왔다. 마을 사람들의 구조를 위해 마법약 한 병을 준비해 달라고 하며, 약재는 마을 주변의 숲에서 구할 수 있다.
태스크: 마을 주변의 숲에서 약재를 수확하여 마법약 한 병 준비하기 (약재 수확 10개 필요)
보상: 경험치 300, 마법약 한 병, 1000골드

퀘스트 2: 마녀의 사냥
퀘스트 이름: 마녀의 사냥
내용: 최근 마녀들의 침략이 계속되고 있어, 마법사 길드는 그들을 처단해야 한다는 결심을 내렸다. 마녀들의 정확한 위치는 모르지만, 그들이 활동에 가장 많은 지역의 근처에 가서 그들의 행방을 확인해 보라는 임무를 받았다.
태스크: 마녀의 지역 근처에 가서 조사하기 (마녀 5마리 처치)
보상: 경험치 500, 마나 회복 물약 3개, 2000골드

퀘스트 3: 마법서 수집
퀘스트 이름: 마법서 수집
내용: 루시엔은 지식을 쌓는 일에 관심이 많다. 이번에 그녀는 마법서를 수집하고자 하고, 마법사 길드에서는 그녀를 위해 자신이 가진 마법서를 찾아서 가져올 것을 부탁했다.
태스크: 마법서를 구하기 위해 마을과 주변 지역을 탐색하기 (마법서 5개 수집)
보상: 경험치 700, 마법서 1권, 3000골드

퀘스트 4: 마을 보안
퀘스트 이름: 마을 보안
내용: 루시엔이 마녀들과 싸우는 동안, 마을에는 다른 위협들이 닥치고 있다. 그녀는 마을 주변을 둘러본 결과, 광산 깊숙한 곳에서 거대한 거미들이 마을을 위협하고 있음을 발견했다. 이 거미들을 해치우면 마을을 지킬 수 있다.
태스크: 광산 깊은 곳에서 거미처럼 생긴 큰 몬스터를 처치하기 (거미 1마리 처치)
보상: 경험치 1000, 마법 생명력 회복 물약 5개, 5000골드
