NPC 이름: 라이온

스토리: 라이온은 영웅으로서 전쟁에서 승리를 이끌어낸 경험이 있는 신념강한 검사입니다. 그가 살아남은 것은 맹렬한 전투에서도 항상 앞장서 싸워왔기 때문입니다. 이제는 마을에서 살며 어린이들을 가르치며 평화롭게 살고 있습니다.

퀘스트 1: 비석

퀘스트 내용: 마을 근처의 숲 속에는 비석으로 된 유적이 있습니다. 비석 앞에는 무언가가 쓰여있는데, 라이온은 그 내용이 궁금합니다. 비석을 조사해서 그 내용을 알아내보세요.

태스크:
- 숲 속 유적지로 가서 비석을 찾습니다.
- 비석에 쓰여있는 내용을 읽습니다.
- 라이온에게 돌아가서 내용을 보고합니다.

보상: 경험치 50, 고대 인장 1개

퀘스트 2: 검사의 발톱

퀘스트 내용: 라이온은 검사로서의 자신감을 잃고 있습니다. 그것은 그의 검에도 영향을 줍니다. 검을 다시 재현하기 위해서는 검사의 발톱이 필요합니다. 검사의 발톱을 모아와 라이온에게 준비해주세요.

태스크:
- 검사의 발톱을 잡을 수 있는 몬스터를 찾습니다.
- 검사의 발톱을 총 10개 수집합니다.
- 라이온에게 검사의 발톱을 건넵니다.

보상: 경험치 100, 검 강화 물약 1개

퀘스트 3: 화염의 수정

퀘스트 내용: 라이온은 검을 강화하기 위해서는 화염의 힘이 필요합니다. 그에게 화염의 힘을 줄 아이템이 화염의 수정입니다. 화염의 수정을 모아와 라이온에게 건네주세요.

태스크:
- 화산 근처에서 화염의 수정을 찾습니다.
- 화염의 수정을 총 5개 수집합니다.
- 라이온에게 화염의 수정을 건넵니다.

보상: 경험치 150, 화염 검 강화 재료 1개

퀘스트 4: 검을 재현하다

퀘스트 내용: 라이온은 검의 재현을 완료했습니다. 그리고 검을 사용하기 위해서는 검을 강화해야합니다. 검을 강화하기 위해서는 검 강화 재료가 필요합니다. 검 강화 재료를 모아와 라이온에게 공급해주세요.

태스크:
- 검 강화 재료를 찾기위해 몬스터를 처치합니다.
- 검 강화 재료를 총 15개 수집합니다.
- 라이온에게 검 강화 재료를 건넵니다.

보상: 경험치 200, 검 강화석 1개
