NPC 이름: 베스카르
스토리: 베스카르는 예전부터 암살자로 활동하며 도시 내에서는 유명한 인물 중 하나이다. 그의 정체는 아무도 모르지만, 그의 능숙한 검술숙련도와 독이 든 칼날을 사용하는 기술로 그는 무자비한 암살자로 알려져 있다. 베스카르는 특정한 사람들에게 비싼 대가를 받고 그들을 처치하는 일을 수행한다. 

퀘스트 1: 살해 대상자 수집
이름: 살해 대상자 목록
내용: 베스카르는 최근에 각종 정보 루트를 통해 원로원의 몇몇 인물들로부터 의뢰를 받았다. 그들은 이 도시에서 격동이 일어났고, 이번 사건의 목격자들을 제거해 달라는 요청을 한 것이다. 이 대상자들은 베스카르가 직접 추적할 수 없는 인물들이기 때문에, 이들의 위치와 신상 정보를 조사하여 베스카르에게 전달해 줄 수 있는 사람을 찾고 있다.
태스크: 1. 총 5명의 살해 대상자의 정보를 수집한다.
         2. 각 살해 대상자에 대한 위치를 확인한다.
         3. 베스카르에게 살해 대상자의 정보를 전달한다.
보상: 5000골드, 경험치 500, 마나 포션 3개

퀘스트 2: 재료 구하기
이름: 독극물 재료 수집
내용: 베스카르는 자신이 만드는 독극물의 재료를 구하기 위해 수확이 필요한 특별한 씨앗을 찾아야 하는데, 이 씨앗은 알 수 없는 깊은 동굴 깊숙한 곳에 존재한다. 이 동굴은 위험하기 때문에 베스카르는 다른 사람에게 이 임무를 맡길 생각을 한다.
태스크: 1. 알 수 없는 깊은 동굴에 들어간다.
         2. 독극물 재료용 씨앗을 찾는다.
         3. 베스카르에게 씨앗을 전달한다.
보상: 3000골드, 경험치 800, 만병통치약 1개

퀘스트 3: 대결에 이기기
이름: 숙련된 검술가와 대결하기
내용: 베스카르는 진정한 검술가들 중 하나로, 그의 검술숙련도를 도전하는 자들이 많다. 그 중 한 명의 검술가와 대결할 때, 베스카르는 그의 진정한 능력을 보일 수 있는 기회를 갖게 된다.
태스크: 1. 대결할 검술가를 찾는다.
         2. 검술 대결을 벌인다.
         3. 대결에서 이기면 베스카르의 존경을 얻는다.
보상: 10000골드, 경험치 1500, 흑마법서 1권

퀘스트 4: 무기 제작 및 강화
이름: 칼날 강화를 위한 재료 수집 및 무기 제작
내용: 베스카르는 그의 독이 든 칼날을 대우하는 것을 좋아한다. 그러나 그의 칼날은 강함과 내구성면에서 미흡하다. 따라서, 강한 재료로 칼날을 강화하려고 하고 있다. 
태스크: 1. 강하고 내구성이 높은 무기 재료를 수집한다.
         2. 수집한 재료를 사용하여 베스카르의 칼날을 제작 및 강화한다.
         3. 제작한 칼날을 검증하기 위해 몬스터를 처치한다.
보상: 7000골드, 경험치 1200, 베스카르의 독이 든 칼날을 강화한 것을 받을 수 있다.
