NPC 이름: 카일
스토리: 카일은 고대 검술 기술을 지키는 검사 중 한 명이다. 그는 종종 마을을 방문하여 검술을 가르치고, 관련 퀘스트를 제공한다.
퀘스트 1: 검술 유산의 수호자
퀘스트 1 이름: 검술 유산의 수호자
내용: 카일은 오래 전에 유서 깊은 검술 마을에서 자신의 선조들에게 남겨진 무기와 기술을 수호하고 있다. 그러나 최근에, 어둠의 생명체들이 유산에 침입하여 무기와 기술을 파괴하려고 한다. 카일은 이를 막기 위해 플레이어에게 유산의 수호를 부탁한다.
태스크:
- 유산에 침입한 모든 어둠의 생명체를 처치한다.
- 파괴된 무기와 기술을 수리한다.
보상: 고대 검술 무기 1개, 높은 경험치, 대량의 돈.

퀘스트 2: 검술 대회의 우승자
퀘스트 2 이름: 검술 대회의 우승자
내용: 지역 마을에서 검술 대회가 열린다. 카일은 플레이어에게 참가를 권하고, 우승하는 데 필요한 아이템을 모아오도록 부탁한다.
태스크: 
- 종이 20장 수집
- 철제 단검 1개 구매
- 검술 대회 우승
보상: 우승 증서, 신비로운 검술 기술 1가지, 경험치, 적절한 양의 돈.

퀘스트 3: 검술 마을에서의 처음 걸음
퀘스트 3 이름: 검술 마을에서의 처음 걸음
내용: 플레이어는 검술 마을을 처음 방문한 상태이다. 카일은 마을을 돌아다니며 검술을 가르치며 플레이어를 환영한다. 그러나 마을에는 미스테리어스한 일이 일어나고 있어, 카일은 플레이어에게 그것을 조사하도록 요청한다.
태스크:
- 마을에서 흉터를 보고 이에 대해 인터뷰한다.
- 경비병에게서 무언가 유용한 정보를 얻는다.
- 일부 마을 주민들로부터 이상한 소문을 듣는다.
- 마을 주변 지역에서 몬스터를 처치하여 현상을 해명한다.
보상: 경험치, 전투 실력 증가용 아이템 1가지, 적당한 양의 돈.

퀘스트 4: 검술 임무
퀘스트 4 이름: 검술 임무
내용: 카일은 검술 마을 밖에서 발생하는 긴급한 문제로 인해 마을을 떠나야 한다. 그는 플레이어에게 일부 임무를 맡기며 돌아온다는 약속을 한다.
태스크:
- 근처 지역에서 몬스터를 처치한다.
- 마을에 도착한 보급품을 확인한다.
- 마을의 방어체계를 강화한다.
- 카일이 돌아올 때까지 마을을 지킨다.
보상: 경험치, 방어력 증가용 아이템, 돈.
