NPC 이름: 마이크

스토리: 마이크는 어릴 적부터 부모님의 농장에서 일해왔습니다. 농사 일을 좋아하던 그는 어느 순간 부모님이 돌아가시면서 농장을 물려받게 됩니다. 이후로는 자신의 부지런한 봉사 덕에 농장이 번창하게 되었습니다. 그는 항상 무엇인가를 필요로 하는 주민들을 도와주기 위해 노력해왔습니다. 

퀘스트:
퀘스트1: 농작물 수확
이름: 수확의 계절
내용: 마이크는 수확의 계절이 돌아왔습니다. 그는 도시로 농작물을 팔러 다니는 시간이 다가오기 때문에, 농작물을 수확해야 합니다. 그는 주민들에게 농작물 수확을 도와달라고 부탁합니다.
태스크: 작물 수확을 10회 완료
보상: 100골드, 경험치 50, 작물 씨앗 5개

퀘스트2: 건강한 비료
이름: 건강한 비료
내용: 마이크는 농작물이 잘 자랄 수 있도록 건강한 비료가 필요합니다. 그는 주민들에게 건강한 비료 재료들을 구해오라고 부탁합니다.
태스크: 식물 잎사귀 20개, 가죽 10개 수집
보상: 200골드, 경험치 70, 건강한 비료 10개

퀘스트3: 곤충 퇴치
이름: 곤충 퇴치
내용: 마이크의 작물들이 최근 곤충 떼의 습격을 받았습니다. 그는 주민들에게 도와주어 곤충 퇴치를 할 수 있는 방법을 찾아오라고 부탁합니다.
태스크: 호박을 구입해 곤충을 물리치기, 호박 10개 수집
보상: 300골드, 경험치 100, 순수한 호박 5개

퀘스트4: 갈증을 해소하기
이름: 갈증을 해소하기
내용: 마이크는 깨끗한 물이 부족하기 때문에, 주민들에게 깨끗한 물 수집을 부탁합니다.
태스크: 물 20리터 수집, 물을 담을 병 5개 수집
보상: 400골드, 경험치 150, 순수한 물 10개
