NPC 이름: 루카스
스토리: 루카스는 어부로서 바다를 사랑하는 사람이에요. 그는 어렸을 때 부터 바다와 함께 살아왔기 때문에 바다에 대한 지식과 경험이 풍부해요. 최근들어 바다에 아이리스 꽃잎이 드나드는 것을 발견했는데, 이 꽃잎은 어부들 사이에서 소문이 자자한데요. 루카스는 이 소문을 따라가서 아이리스 꽃잎을 모아오는 일을 맡고 있어요.
퀘스트:
퀘스트1 - 아이리스의 비밀
이름: 아이리스 꽃잎 수집
내용: 루카스는 아이리스 꽃잎을 모아오라고 부탁해요. 그는 이 꽃잎이 어디에서 나오는지 모르기 때문에 바닷속 어디서든지 찾아오라고 하고 있어요. 
태스크: 아이리스 꽃잎 10개모으기
보상: 경험치 100, 고기 묶음 1개 

퀘스트2 - 그대, 아름다운 바다여
이름: 바다의 별 모으기
내용: 루카스는 바다의 별이라는 아주 특별한 생명체를 찾으라고 부탁해요. 바다의 별은 바닷속 깊숙한 곳에서만 찾을 수 있는 아이템인데요. 바다의 별이 어디 있는지는 정확히 알지 못해요. 
태스크: 바다의 별 1개 모으기
보상: 경험치 200, 마법 반지

퀘스트3 - 바다의 의지
이름: 모래사장에 있는 바위 파괴
내용: 최근들어 바닷속에서 이상한 소문이 돌고 있어요. 바다의 신이 노여워 하고 있다는 것인데, 그 이유는 바닷속 깊숙한 곳에 있는 바위 때문이라고 해요. 바위가 깨어지기 전에 그것을 파괴하라는 바다의 명령을 받았다는 것이죠. 
태스크: 바위 파괴하기
보상: 경험치 150, 해산물 요리 1인분 

퀘스트4 - 바다의 정기
이름: 크랙잉어 사냥
내용: 크랙잉어는 바닷속 깊숙한 곳에 살고 있는 아주 강력한 몬스터예요. 그런데 최근들어 바다에 안개가 자주 깔리면서, 크랙잉어가 사람들을 공격하기 시작했다는 소문이 있어요. 루카스는 이 크랙잉어를 잡으면 바다의 정기를 되찾을 수 있을 것이라고 믿고 있어요.
태스크: 크랙잉어 1마리 잡기
보상: 경험치 300, 낚싯대
