NPC 이름: 크로니컬 (Chronical)
스토리: 크로니컬은 백업된 기억들을 일체 삭제하고, 최첨단 신체 강화 장치를 이용해 나무랄 데 없이 빠른 속도와 정확도를 자랑하는 암살자다. 누구나 그를 컨택할 수 있지만, 그의 서비스를 이용하려면 매우 비싼 대가를 치러야한다. 그는 인간적인 요소를 거의 보여주지 않아 매우 긴박한 상황에서도 차가운 눈치로 적을 제압한다.

퀘스트:
퀘스트1: 장비 수집
이름: 장비 수집
내용: 크로니컬은 다음 작전을 위해 몇가지 장비를 수집해야 한다. 태스크는 다음과 같다. 
태스크:
- 에너지 블라스터 3개 수집 (몬스터 드랍)
- 탄약 500개 수집 (상점에서 구매 또는 몬스터 드랍)
- 가성비 좋은 보호용 장비 1개 구매 (상점에서 구매)
보상: 경험치 30, 돈 1000원, 에너지 보호막 1개

퀘스트2: 암살대상 구하기
이름: 암살대상 구하기
내용: 크로니컬은 새로운 암살 대상이 필요하다. 당신에게 그에게 필요한 대상을 찾아오도록 부탁한다.
태스크:
- 도시에서 인기 있는 회사의 CEO 찾기
- 회사 건물으로 침입하여 회사 서버에서 해당 CEO의 위치 정보를 가져오기
- 해당 CEO의 위치를 알아온 뒤, 어디에 숨어있는지 파악하기
- 회사 건물에 침입하여 암살 대상을 제거하기
보상: 경험치 50, 돈 2000원, 암살용 휴대용 자동 총 1개

퀘스트3: 목표물 파괴
이름: 목표물 파괴
내용: 크로니컬은 경쟁자로부터 어떤 회사가 아주 중요한 자료를 보유하고 있다는 정보를 입수했다. 당신은 그 자료가 보관되고 있는 서버를 파괴하도록 부탁받는다.
태스크:
- 해당 회사의 건물에 침입하여 자료가 보관되어 있는 위치 파악하기
- 보안 시스템을 우회하여 서버에 들어가는 키를 디코딩하기
- 서버 내부로 들어간 뒤 목표물 파괴하기
- 건물에서 빠져나오기
보상: 경험치 70, 돈 3000원, 내구성이 좋은 칼 1개

퀘스트4: 중요한 정보 수집
이름: 중요한 정보 수집
내용: 크로니컬은 그의 고객 중 한명이 동료에 대한 내부 정보를 알고 있다는 정보를 얻었다. 동료가 어디에서 일하는지와 자세한 정보를 알아내도록 당신에게 부탁한다.
태스크:
- 정보를 알고 있는 고객이 언급한 동료의 정보를 알아내기 위해 물어보기
- 고객이 왔던 경로와 머무르던 장소 조사하기
- 동료의 얼굴과 일하는 회사 정보 습득하기
- 회사로 침입하여 동료 정보 조사하기
보상: 경험치 100, 돈 5000원, 테이저 건 1개
