NPC 이름: 로사
스토리: 로사는 이 마을에서 유명한 방어구 상인이다. 그녀는 언제나 최상의 방어구를 만들기 위해 매우 열심히 일한다. 그녀의 상점에서는 여러 종류의 방어구를 찾아볼 수 있으며, 그녀는 항상 고객에게 최고의 상품을 추천해준다.
퀘스트:
퀘스트 1: 원하는 방어구 찾기
이름: 원하는 방어구 찾기
내용: 로사가 만든 방어구 중 고객이 원하는 방어구가 없을 때, 그녀는 용감한 모험가에게 그것을 찾아오라 부탁한다.
태스크: 원하는 방어구를 찾아와 로사에게 건네주기
보상: 만족스러운 보상(최소 500골드), 원하는 방어구 1개

퀘스트 2: 광포한 오우거 처치
이름: 광포한 오우거
내용: 최근 마을 근처에 광포한 오우거가 출현했다. 로사는 그 오우거의 가죽으로 방어구를 만들어 고객들에게 판매하고 싶어한다.
태스크: 광포한 오우거 2마리 처치하기
보상: 오우거의 가죽으로 만든 방어구 1개, 1000골드

퀘스트 3: 영혼의 보석 수집
이름: 영혼의 보석
내용: 로사는 최고의 방어구를 만들기 위해 영혼의 보석이 필요하다. 그녀는 용감한 모험가에게 그것을 가져다줄 것을 부탁한다.
태스크: 영혼의 보석 10개 구하기
보상: 금속성 방어구 1개, 1500골드

퀘스트 4: 로사를 위한 가죽 구하기
이름: 로사를 위한 가죽
내용: 로사는 새로운 방어구를 만들기 위해 다양한 종류의 가죽이 필요하다. 그녀는 용감한 모험가에게 그 가죽을 가져다줄 것을 부탁한다.
태스크: 다양한 종류의 가죽 30개 구하기
보상: 로사가 직접 만든 방어구 1개, 2000골드
