NPC 이름: 망고
스토리: 망고는 옛날부터 바다에서 살아온 어부로, 자신의 아버지로부터 어부의 기술을 전수받았다. 그런데 최근 몇 년간 어부로서의 일자리가 줄어들고 있다. 그래서 망고는 새로운 일자리를 찾던 중 모험가를 찾아 도움을 요청한다.
퀘스트1: 물고기 출하량 증가
이름: 어부의 시험
내용: 망고는 옛 기억을 떠올려 자신의 아버지가 시키던 일을 내어준다. 바다에 있는 물고기를 촬영해야 하는데, 그들은 바다 밖으로는 나오지 않으므로 잠수 장비를 구해 10마리 이상의 물고기 사진을 가져오라는데...
태스크: 잠수장비 구하기, 바다에서 물고기 사진 찍기(10마리 이상)
보상: 경험치 50, 고급 잠수장비, 50골드, 어부의 눈물(먹으면 체력과 마력이 모두 회복됨)
퀘스트2: 상어 공격 방지
이름: 바다 위기의 시작
내용: 최근 해상에서 상어들이 크게 증가하여 어부들의 선박이나 땅에 걸린 그물망을 파괴하고 있으며, 어부들은 해상사고를 막기 위해 모험가들에게 상어를 유인하고 해치워주라고 부탁한다. 
태스크: 상어1마리 사냥, 상어의 플레이트스킨 10개 가져오기
보상: 경험치 80, 상어 비늘갑옷, 100골드, 어부의 나침반(다음 퀘스트 내용 전달용으로 가졌을 때 퀘스트 정보를 확인할 수 있는 아이템)
퀘스트3: 바다 더럽히기 방지
이름: 바다를 지켜야 하는 이유
내용: 최근 해외에서 들어오는 배가 많아져 바닷속이 더러워지고 있다. 이들의 배에서 나오는 쓰레기들이 해양 생태계를 망가뜨릴 뿐만 아니라, 어부들의 식량 물질인 땅에서 걸린 그물망 조차도 망가뜨리고 있다. 어부들은 이 문제를 해결하기 위해 모험가들에게 소탕을 요청한다. 
태스크: 해외에서 들어온 배 5대 파괴, 바다에서 쓰레기 30개 수거
보상: 경험치 120, 바다의 수호자 상징, 150골드, 어부의 바다스타
퀘스트4: 미확인 해양 생물 조사
이름: 해양의 깊은 곳에
내용: 어부들은 최근 바다에 특이한 생물이 출현하기 시작했다는 소식을 듣고, 이 생물들을 조사해 달라는 요청을 모험가들에게 전한다.
태스크: 바다 깊은 곳으로 탐험, 미확인 해양 생물 3종류 정확한 조사
보상: 경험치 200, 해양 생물 도감, 200골드, 어부의 휴식(체력, 마력을 100%까지 회복해주는 음식)
