NPC 이름: 캐서린

스토리: 캐서린은 대륙에서 가장 유명한 요리사 중 한 명이다. 그녀는 특별한 재료와 비법 레시피를 가지고 있어, 맛있는 요리를 만들어내는 것이 그녀의 자랑이다. 하지만 요리사들 사이에서도 캐서린의 손길을 받으려면 경쟁이 많이 치열하다.

퀘스트1: 토끼의 발톱 요리

이름: 토끼의 발톱 요리

내용: 캐서린은 요리 대회에 출전하기 위해 레시피에 없는 새로운 요리를 만들어야 한다. 이번 대회의 테마는 "모험"이라 스토리텔링과 조미료, 양념에 대한 아이디어가 필요하다. 캐서린이 찾은 미스테리한 재료는 "토끼의 발톱"인데, 이재료는 어디서 구할 수 있을까?

태스크:  토끼 발톱 5개 모으기.

보상: 경험치 200, 신비한 요리 레시피 (여러 Buff효과 부여), 1000골드

퀘스트2: 물고기 낚시

이름: 물고기 낚시

내용: 요리사로서 음식 재료를 구하려면 생명을 앗아내야 할 때가 있다. 캐서린은 이번에 낚시를 하러 갔는데 어색하게도 낚시를 할 줄 몰라서 날개 달린 생명체들만 잡게 된다. 이젠 어떻게 해야할까? 

태스크: 날개 달린 생명체 3개 제거하기, 물고기 5마리 낚기.

보상: 경험치 150, 치이든 자신의 신경에 시원한 보습 팩, 700골드

퀘스트3: 기억에 남는 파티의 요리

이름: 기억에 남는 파티의 요리

내용: 최근에 캐서린이 지나가던 마을 주민으로부터 기념일 파티 요리를 부탁받았다. 파티 요리에 대해 생각하던 도중, 캐서린은 자신도 모르게 어릴 적 맛있게 먹었던 요리를 떠올린다. 그런데 그때 먹었던 요리에는 알수없는 재료가 들어갔다. 어디서 찾아올 수 있을까?

태스크: 요리 컨테이너에서 알수없는 재료 찾기, 근처 숲에서 버섯 10개 수집하기.

보상: 경험치 200, 기념일 커플 쿠키 (양쪽에 다른 파트너 이름이 적혀진 쿠키), 1200골드

퀘스트4: 대륙 최고의 요리 대회 우승

이름: 대륙 최고의 요리 대회 우승

내용: 캐서린은 수많은 경쟁자들과 함께 대륙 최고의 요리 대회에 출전한다. 그녀의 경쟁자들은 레시피와 재료 모두 최상의 것을 사용하고 있어서, 캐서린이 우승하기 위해서는 특별한 아이디어와 재료가 필요하다.

태스크: 미스테리한 재료와 그릇, 특별한 계절이라 제한되는 재료 모으기.

보상: 경험치 300, 요리사의 완벽한 키트 (요리에 필요한 모든 도구와 조미료를 담을 수 있는 대형 가방), 5000골드
