NPC 이름: 클로버
스토리: 클로버는 사이버펑크 세계에서 가장 유명한 암살자 중 하나이며, 어떠한 대가를 치르더라도 표적을 성공적으로 처리해내는 실력을 가지고 있다. 그녀는 많은 사람들이 터뜨린 통로 뿐만 아니라, 특별한 시스템까지 만들어 나갔다.
퀘스트1: 
이름: 사라진 파일
내용: 클로버의 일급통보원이 오늘 날 사라졌다. 통보원은 클로버에게 중요한 정보를 가르쳐주는 인물이었는데, 그녀는 그 주변에 흔적도 찾을 수 없다. 클로버는 그녀의 소지품 중 하나가 사라졌다는 이야기를 듣고, 패키지를 찾아 거리를 돌아다녀라.
태스크: 
사라진 일급통보원의 가방 찾기 - 지역 : 시가지 
보상: 1000원, 경험치 500, 물품 : 데이터 머신 1개 
퀘스트2: 
이름: 인첸트 브레이커
내용: 클로버에게 특별한 요구사항을 받은 당신은 특정한 인첸트 칩을 찾아야 한다. 이 칩은 매우 혁신적인 방식으로 지능 협소화 예방, 인식 능력, 산술적 능력을 향상시킨다. 이 칩은 기존의 칩과는 다르게 프로토콜이 엄격하게 구현되어있다.
태스크: 
인첸트 브레이커 탈취 - 지역 : 첨단시설 
보상: 1500원, 경험치 700, 물품 : 인첸트 브레이커 1개 
퀘스트3: 
이름: 차이나 타운 일대 혼란
내용: 최근에 차이나 타운 일대에서 일종의 괴물 집단이 발견되었다. 주민들은 출몰하는 괴물 집단 때문에 몇몇 사람이 다친 사건 등이 잦아지고 있어서, 클로버가 당신에게 대처하라고 말했다. 그녀가 당신에게 직접 주는 일은 드물기 때문에, 흔들리지말고 도와줘야 한다.
태스크: 
괴물 3마리 잡기 - 지역 : 차이나 타운 
보상: 2000원, 경험치 1000, 물품 : 암살 키트 1개 
퀘스트4: 
이름: 암살 계약
내용: 클로버가 다른 암살자에게 견제당하기 때문에 원하는 사람을 제안하며, 당신이 암살해달라고 말한다. 그녀를 지키기위해 움직이는 많은 구성원들이 있기 때문에 이 계약을 완료해야 한다.
태스크: 
암살 계약대로 당사자 제거 - 지역 : 대성당 
보상: 3000원, 경험치 1500, 물품 : 사이버 붐 1개
