NPC 이름: 해리엇
스토리: 해리엇은 요리사로서 도시 중심에 위치한 요리 학교에서 일하고 있다. 그녀는 대가들의 입맛을 사로잡을 식사를 준비하기 위해 끊임없이 레시피와 새로운 요리법을 연구하고 있으며, 이를 통해 그녀가 베스트 요리사의 자격이 있다는 것을 증명하고자 한다.
퀘스트:
퀘스트1: 요리 재료 구하기
이름: 요리 재료 구하기
내용: 무엇을 요리할 지에 따라, 해리엇은 필요한 재료를 찾아야 합니다. 레시피에 명시된 재료의 양과 종류에 따라서, 해리엇은 견고한 빨강색 버섯, 새콤한 레몬, 매운 고추 등을 찾아야 합니다.
태스크: 견고한 빨강색 버섯 10개, 새콤한 레몬 5개, 매운 고추 7개 구하기
보상: 요리 경험치 100, 기본재료 주머니 (소량의 랜덤 재료 몇개)

퀘스트2: 대마왕의 식사 준비하기
이름: 대마왕의 식사 준비하기
내용: 해리엇은 최고의 요리사로 자신있습니다. 그녀는 대마왕의 식사를 준비하려고합니다. 레시피에는 대마왕의 입맛을 사로잡기 위해 포도주, 드래곤 고기와 같은 비싼 재료가 필요합니다.
태스크: 포도주 3병, 드래곤 고기 1마리, 천사의 깃털 5개
보상: 요리 경험치 200, 불멸의 지팡이 (마법사 전용 보조 무기)

퀘스트3: 황금도시의 대왕 식사 준비하기
이름: 황금도시의 대왕 식사 준비하기
내용: 해리엇은 황금도시의 대왕의 서리 먹거리 결정을 도와야 합니다. 이를 위해 황금도시의 고향 음식에 대한 지식이 필요합니다. 
태스크: 황금도시의 고향 음식 5가지 조사하기
보상: 요리 경험치 200, 황금도시의 유물 (귀금속)

퀘스트4: 요리 대회 우승하기
이름: 요리 대회 우승하기
내용: 요리 대회에 참가하여 어렵게 이겨야 합니다. 따라서 포만감을 주어 입맛을 자극하는 비법에 대해 조사해야 합니다. 
태스크: 요리 대회 우승 비법 알아내기
보상: 요리 경험치 300, 요리사의 순백색 조끼 (방어력이 있는 장비)
