NPC 이름: 블레이드

스토리: 블레이드는 지하 거리에서 일을 하는 사이버펑크 무기상인이다. 그는 한 때 많은 자본과 인기를 누렸지만, 사이버펑크의 격동과 변화로 인해 그의 사업은 무너져 갔다. 그래도 그는 끝까지 사이버펑크에 흥미를 가지고 있고, 끈기있게 혼자 일을 하며 살아남고 있다.

퀘스트 1: 철갑 게릴라

이름: 앵커

내용: 앵커는 시가지 중심부에서 음악을 연주하는 유명한 밴드 리더겸 부호가다. 그와 연락을 하여, 그와 함께 하나의 무기를 만들어내는 것을 제안했다. 블레이드가 제시한 디자인은 요리조리한 무어쏘드(무기 부속품)와 섬세하게 디자인된 이터가드(수호장치)로 만들어진 철갑 게릴라이다.

태스크: 이터가드 10개와 무어쏘드 50개를 모아와 철갑 게릴라를 완성해 보자.

보상: 철갑 게릴라, 이터가드 10개, 무어쏘드 20개, 5000골드, 경험치 1000.

퀘스트 2: 해커를 쫓아라

이름: 할트

내용: 할트는 해커 중 하나였으나, 블레이드가 다른 무기상과 암살 계획으로 그를 쫓아내고 망가뜨린 뒤 그를 재구성하는 방법을 알게 된 만능 총기를 발견했다. 할트는 만능 총기를 최적화하여, 해커를 따라 그들의 블루 라이트 감지기를 잡아낼 수 있는 프로그램을 만들었다. 이 프로그램을 사용하여, 해커들을 정지시켜주자.

태스크: 블루 라이트 감지기 50개를 잡아와 할트에게 전달하자.

보상: 만능 총기, 블루 라이트 감지기 10개, 7000골드, 경험치 1500.

퀘스트 3: 대회에서 우승하라

이름: 빔스

내용: 빔스는 매년 열리는 사이버펑크 대회에서 우승하기를 꿈꾸는 초보 무기 제작자이다. 그는 블레이드의 지원을 받아, 희귀한 무기 부속품을 구하기로 결심한다. 그는 그의 총 기량을 뽐내는 선두주자들을 겨냥하여, 그들이 가지고 있는 무기 부속품을 구해와 달라고 부탁한다.

태스크: 선두주자 5명을 명중시키고, 모든 부속품 15개를 가져와 빔스에게 전달하자.

보상: 우승 트로피, 희귀한 무기 부속품 5개, 10000골드, 경험치 2000.

퀘스트 4: 경쟁자를 물리쳐라

이름: 나이프

내용: 나이프는 블레이드가 경쟁자로 보는 무기 제작자이다. 그는 블레이드에게 어떻게 부스러기에서 일을 하는지 배우고 싶다고 요청한다. 나이프는 그의 대가로 블레이드가 가지고 있는 저급한 무기를 제작해서 갖다줄 것이다. 그는 블레이드가 무기를 없애기 위해 필요한 성분을 모으기로 결심한다.

태스크: 나이프를 위해 부스러기에서 필요한 성분 하나를 구해서 전달하자.

보상: 블레이드의 무기, 3000골드, 경험치 500.
