NPC 이름: 클로버
스토리: 클로버는 사이버펑크 세계에서는 최고의 암살자로 손꼽히는 인물이다. 그녀는 빠른 속도와 뛰어난 숨기기 능력으로 자신의 목표물을 손쉽게 제거한다. 그리고 그녀는 그곳에서 가장 의문이 생기는 인물 중 하나이다. 이전에는 누구라도 제거해왔고 매번 돈만을 받았지만 요즘은 다른 이유로 그녀는 목표물을 제거하고 있으며 그 이유는 아무도 모른다.

퀘스트 1: 윌리엄 처치
이름: 윌리엄
내용: 윌리엄은 대기업인데, 조직에 들어와 개인정보를 유출하고 모든 팀원들의 죽음을 맞은 후 조직을 퇴출당할 것을 조직원들에게 암시하고 협박하고 있다. 클로버는 윌리엄을 제거하라는 지시를 받았다.
태스크: 윌리엄을 제거하고 그의 노트북을 가져와 클로버에게 전달해준다. 윌리엄은 유연제/화장실에서 발견될 것이다.
보상: 1000원, 클로버의 추천서

퀘스트 2: 버그 수정
이름: 하이드
내용: 하이드는 최근 소프트웨어 버그에 대한 정보를 얻었으며 이를 이용해 돈을 벌기 위해 일을 하고 있다. 클로버는 하이드가 버그를 수정하지 않으면 큰 사고가 일어날 것이라는 지시를 받았다.
태스크: 하이드를 찾아서 그에게 버그 수정을 위한 파트를 전달해준다. 하이드가 모든 패치를 적용하고 버그를 수정할 때까지 기다린다.
보상: 500원, 버그 수정 후 새로운 소프트웨어 무료 이용권

퀘스트 3: 바이러스 검사
이름: 루크
내용: 대기업의 주력 제품에 바이러스가 감염되어 있는 것으로 확인되었다. 클로버는 바이러스 감염된 제품을 판매하고 있는 루크를 찾아 감염 원인을 확인하라는 지시를 받았다.
태스크: 루크를 추적해서 바이러스가 퍼지는 것을 막기 위해 바이러스 검사가 가능한 장비를 가져온다. 검사를 하고 감염 원인을 찾는다.
보상: 800원, 바이러스 검사 장비

퀘스트 4: 미스터리 물건 수송
이름: 아이비
내용: 아이비는 조직의 신뢰도 있는 연락원 중 하나이다. 클로버에게 미스터리한 물건을 수송해 달라는 지시를 받는다.
태스크: 아이비에게서 미스터리한 물건을 받아 클로버가 맡은 대로 수송해준다.
보상: 1200원, 미스터리 아이템 1개
