NPC 이름: 아델라인
스토리: 아델라인은 영웅으로서 여러 차례의 전투에서 승리를 거둔 경험을 가지고 있다. 그녀는 이제 기사단의 선배로서 후배들을 가르치고 지키는 일을 담당하고 있다. 그리고 그녀는 성급한 결정과 힘 지휘력으로 유명하다.
퀘스트:
- 퀘스트1: 여행용 가방 구하기
이름: 여행용 가방 구하기
내용: 최근 기사단에서 여행을 떠날 일이 생겼다. 그런데 오랜만에 여행을 떠나려니까 가방이 하나 부족하다. 아델라인은 그녀의 용감한 후배로서 그녀를 대신해 가방을 구해 주길 부탁한다.
태스크: 여행용 가방을 5개 구해오기
보상: 경험치 100, 골드 50, 여행용 가방 1개
- 퀘스트2: 몬스터 5마리 사냥하기
이름: 몬스터 5마리 사냥하기
내용: 최근 몬스터의 출현으로 마을이 위험에 처했다. 아델라인은 그녀의 후배들에게 몬스터를 잡아오라 전하는 임무를 부여한다.
태스크: 몬스터 5마리를 처치하기(해골 병사, 늑대, 곰, 대머리 독수리, 오크)
보상: 경험치 150, 골드 100, 체력포션 3개
- 퀘스트3: 새로운 무기 구매하기
이름: 새로운 무기 구매하기
내용: 아델라인은 자신의 후배 중에서 전투에서 능숙한 무기 사용법을 자랑하는 후배를 발견했다. 그 후배에게는 새로운 무기가 필요하다. 아델라인은 그녀의 후배에게 새로운 무기를 구매할 수 있도록 도와 주기를 부탁한다.
태스크: 새로운 무기를 1개 구매하기
보상: 경험치 200, 골드 120, 새로운 무기 1개
- 퀘스트4: 위험한 동굴에서 물건 찾기
이름: 위험한 동굴에서 물건 찾기
내용: 최근 위험한 동굴에 마력이 깃든 물건이 있다고 알려졌다. 아델라인은 그녀의 후배에게 그 물건을 찾아오라는 임무를 부여한다.
태스크: 동굴에서 마력이 깃든 물건 1개를 찾아오기
보상: 경험치 250, 골드 150, 마력이 깃든 물건을 장착 시 데미지 10% 증가하는 무기 1개
