NPC 이름: 알렉스
스토리: 알렉스는 늙은 기사로, 예전에는 왕국을 지키며 많은 전투를 치루었지만 이제는 쉴 틈 없이 적들과 싸워야하는 상황에 처해있다. 그는 늙어서도 전투에서 물러나지 않고, 믿음직한 기사로 많은 사람들에게 존경받고 있다.
퀘스트 1: 구출된 선녀
이름: 샤론
내용: 적들이 마을을 침공하면서 샤론은 납치당하고, 더 이상 자신의 힘으로 도망칠 수 없는 상황이 된다. 알렉스는 샤론을 구출해주고자 플레이어에게 구할 것을 요청한다.
태스크: 샤론 구출하기 (지역: 버려진 성)
보상: 경험치 500, 청동 장갑 1개

퀘스트 2: 귀환의 가루 구하기
이름: 가디언
내용: 알렉스는 전투에서 크게 상처를 입어 돌아가게 되었으며 이제는 병원에서 치료를 받고 있다. 그러나 약사가 필요한 귀환의 가루가 모자라 치료를 받을 수 없는 상황이 된다. 알렉스는 플레이어에게 귀환의 가루를 구해달라고 부탁한다.
태스크: 귀환의 가루 구하기 (지역: 요정의 숲, 얻을 수 있는 아이템: 언덕꽃 10개, 먹 구이 5개)
보상: 경험치 600, 실버 검 1개

퀘스트 3: 영혼의 수정 조각 구하기
이름: 멀록
내용: 알렉스는 마을 주변의 몬스터가 지나치게 많아져서 마을을 지키기가 어려워졌다는 문제를 안고 있다. 그 원인이 바로 멀록과 그의 밀수단 이라는 것을 알게 된다. 알렉스는 플레이어에게 멀록을 처치하고 영혼의 수정 조각을 찾아달라고 부탁한다.
태스크: 멀록 처치하기 (지역: 해안선, 얻을 수 있는 아이템: 영혼의 수정 조각 3개)
보상: 경험치 700, 강철 갑옷 1개

퀘스트 4: 산탄총 고치기
이름: 존
내용: 알렉스는 적들과의 전투에서 산탄총의 작동이 원활하지 못해 고장났다는 것을 깨닫는다. 총기의 수리를 할 만한 기술이 있는 존을 찾아 플레이어를 데려간다. 
태스크: 산탄총 고치기 (지역: 존의 작업실, 얻을 수 있는 아이템: 총기 부품 5개)
보상: 경험치 800, 황금 총기 1개
