NPC 이름: 론
스토리: 론은 검사 중 유독 좋은 친구와 장군을 가졌다. 매사에 능숙하고 친절한 성격으로 유명하다. 그러나 그의 친구들은 전쟁에서 사망하여 론은 새로운 친구를 사귀기 어려워한다. 그래서 그는 모험가나 여행객들과 어울리면서, 그들과 함께 여행하며 친구를 찾는 것이 좋다고 생각한다.
퀘스트:
퀘스트1: 산악 탐험
이름: 산악 탐험
내용: 론이 요구하는 것은 높은 산꼭대기의 신비한 꽃이다. 그러나 이 꽃은 눈이 많이 내리는 최고점 깊은 곳에 있으며, 많은 종류의 천적들이 서식한다. 
태스크: 신비한 꽃 3개를 찾아서 론에게 가져온다.
보상: 경험치 500, 신비한 꽃 1개, 300골드

퀘스트2: 미사용 무기 수집
이름: 미사용 무기 수집
내용: 론은 무사히 지나칠 수 없는 초보 모험가들이 목숨을 잃지 않도록, 습격하는 적들을 막을 수 있는 기술과 무기들을 구하고 싶어한다. 
태스크: 초보 모험가가 사용할 수 있는 무기를 5개 찾아 론에게 가져온다.
보상: 경험치 800, 철제 검 1개, 500골드

퀘스트3: 드래곤 거주지 탐험
이름: 드래곤 거주지 탐험
내용: 론은 드래곤에 대한 경험이 없어, 드래곤의 모든 것을 알고 싶어한다. 그러나 막대한 위험을 가져오기 때문에 그것을 해결할 만한 모험가를 찾는 것이 좋다고 생각한다.
태스크: 드래곤의 서식지에 있는 이미지를 3개 찾아 론에게 가져온다.
보상: 경험치 1200, 드래곤 비늘 5개, 800골드

퀘스트4: 수호자 탐색
이름 : 수호자 탐색
내용 : 론은 자신이 살던 마을에서 기억에 남는 것이 있어 그것을 찾아 나섰다. 그것은 물건이 아니라 그동안 함께하던 수호자, 안나의 흔적이었다. 그러나 그녀는 언제쯤 찾을 수 있을까?
태스크 : 안나를 찾아 마을로 데려와야 한다.
보상 : 경험치 1500, 낡은 용갑옷 1개, 1000골드
