NPC 이름: 케일러
스토리: 케일러는 검사 중 가장 귀하고 존경 받는 인물 중 하나이다. 그는 전투에서 뛰어난 실력과 용기, 그리고 뛰어난 지도력으로 유명하다. 이제 그는 강력한 검사의 명성을 더욱 확고하게 하기 위해 다른 모험가들을 위해 퀘스트를 출시한다.
퀘스트:
퀘스트 1: 망각의 물약
이름: 망각을 위한 연구
내용: 최근에 케일러는 불완전한 연구를 수행했다. 이 연구는 망각을 유도할 수 있는 물약에 관한 것이며, 그의 연구 성과를 완성 단계까지 이루어야 하는 임무를 부여하고 있다. 플레이어는 긴 여행 끝에 연구를 마무리할 수 있는 물약 반쪽을 찾아 귀환해야 한다.
태스크: 망각의 물약 반쪽 10개 모으기 (몬스터와 대화하여 구할 수 있음)
보상: 경험치 200, 물약 연구 성과 보상, 300골드

퀘스트 2: 흔들리지 않는 의지
이름: 어둠 속에서 영원한 빛 찾기
내용: 케일러는 마계 깊은 장소의 빛을 찾으려는 계획을 세웠다. 마계에서 무언가를 찾아야하는데, 그와 함께 찾아나갈 수 있는 모험가를 찾고 있다. 플레이어는 케일러와 함께 마계로 떠나 서로의 안전을 보장해야 한다.
태스크: 마계의 침입자 제거, 마계에서 발견된 물건 1개 찾기(몬스터 제거하여 획득 가능)
보상: 경험치 300, 마계의 보상, 500골드

퀘스트 3: 휘둘러라
이름: 사라진 검사 찾기
내용: 케일러의 이전 동료 중 한 명 인 신성한 검사가 어느 날 갑자기 사라졌다. 그날 이후로 그에 대한 소식이 전혀 들리지 않아 신성한 검사를 찾기 위해 모험가를 투입했다. 플레이어는 신성한 검사를 찾기 위해 검사가 마지막으로 발견 된 곳으로 향해야 한다.
태스크: 빈민가에서 증거 찾기, 은신처에서 증거 찾기, 마을의 대장장이한테 증거 제출하기
보상: 경험치 500, 신성한 검의 재료, 1000골드

퀘스트 4: 빛을 이겨라
이름 : 검술 세미나
내용 : 케일러는 검사와 함께 일의 복잡성을 극복하기위해 검술 세미나를 열고자 한다. 그 누구도 케일러를 이길수 없다는것에 도전하여 대결하고자하지만 그들은 그래도 배우고 싶다. 그것도 조금이라도 케일러의 기술을 얻고 싶다. 세미나가 있는 곳으로 찾아가서 교육을 받아보자.
태스크 : 주어진 시간 안에 케일러를 이긴다.
보상 : 경험치 700, 검술에 관련된 재료, 1500골드
