NPC 이름: 에레스타 (Eresta)
스토리: 에레스타는 왕실 기사로 황실의 충성을 다하지만, 자신의 본분을 다하고도 내면 속에서 찾을 수 없는 끌림에 시달리는 존재다. 자신이 찾는 것이 무엇인지 알지 못하고 헤매이던 그녀는 하루 오랜 시간을 궁성 안의 도서관에서 책을 읽으며 시간을 보낸다.
퀘스트: 
1. 퀘스트 이름: 상실된 기억 
내용: 에레스타는 자신에게 끌리는 무언가를 찾아 궁성 앞 누구도 모르는 작은 호수에 와있다. 호수 안쪽에는 어둠이 풍기는 작은 동굴이 있으며 그 안으로 들어간 에레스타는 자신도 모르게 상실된 기억을 찾기 시작하게 된다.
태스크: 
- 호수 안의 작은 동굴로 들어가 본다.
- 동굴 속 깊은 곳까지 가서 상실된 기억을 찾는다.
보상: 
- 경험치 500
- 메모리 증폭의 포션 1개
- 에레스타의 추천서 1장

2. 퀘스트 이름: 정령의 돌 
내용: 에레스타는 도서관에서 읽던 책 속에서 정령의 돌에 대한 이야기를 발견한다. 이 돌은 전설 속의 도시에서만 발견된다는데, 그 도시의 위치를 아는 궁성 수행자에게 찾아가서 도시 위치를 물어보고 정령의 돌을 구해오도록 부탁한다.
태스크:
- 궁성 수행자에게 도시 위치를 물어본다.
- 정령의 돌이 있는 도시로 가서 돌을 찾아온다.
보상:
- 경험치 1000
- 보호의 반지 1개
- 에레스타의 추천서 1장

3. 퀘스트 이름: 황실 망명자 
내용: 에레스타는 밤길을 따라가는 부엌에 누군가의 존재를 느낀다. 그 누군가는 황실 망명자로, 곁채로 만들어져 있는 문을 열고 들어가보면 황실 시종이 거기에 숨어 있다. 그래서 에레스타는 그녀를 안전하게 궁성으로 데리고 돌아오는 일을 맡게 된다.
태스크:
- 곁채에 있는 문을 연다.
- 황실 망명자를 안전하게 궁성으로 데려온다.
보상:
- 경험치 800
- 황실 대검 1개
- 에레스타의 추천서 1장

4. 퀘스트 이름: 마법 강화의 증표 
내용: 에레스타는 엘프의 마을에 가서 마법 강화의 증표를 구하기 위해 파견 됐다. 그곳에는 마법 신비군단이 서식하고 있어서 그들을 처치하지 않으면 증표를 구할 수 없다.
태스크:
- 엘프의 마을까지 가서 마법 강화의 증표를 구한다.
- 마법 신비군단을 처치한다.
보상:
- 경험치 1500
- 마력의 수정 1개
- 에레스타의 추천서 1장
