NPC 이름: 레오나
스토리: 레오나는 영웅으로 손꼽히는 기사로, 반드시 이길 수 없다고 소문나는 블러드 드래곤을 처치할 수 있는 유일한 인물이다. 그녀는 바쁜 일상을 버텨내면서도 언제나 선한 일을 수행하기 위해 노력하고 있다.

퀘스트 1:
이름: 블러드 드래곤의 저주
내용: 모든 살아있는 것을 죽이는 블러드 드래곤의 저주가 마을에 들어와서 문제가 발생했다. 이 문제를 해결하기 위해서는 드래곤의 보석을 찾아서 반대편의 숲까지 가져와야 한다.
태스크: 드래곤의 보석 10개를 구해 와야 한다.
보상: 레오나의 검, 경험치 500, 골드 500

퀘스트 2:
이름: 광포한 오우거
내용: 마을 근처의 숲에는 광포한 오우거들이 나타나 게임을 방해하고 있다. 이 문제를 해결하기 위해서는 골드 1000개를 가져와서 그들을 물리칠 수 있는 무기를 구매해야 한다.
태스크: 골드 1000개를 모아야 한다.
보상: 무기 상자, 경험치 700, 골드 700

퀘스트 3:
이름: 집행관의 도전
내용: 도시 내에 있는 집행관이 자신이 최강임을 증명하기 위해 도전장을 열었다. 이 문제를 해결하기 위해서는 집행관을 물리치고 그의 증표를 가져와야 한다.
태스크: 집행관 물리치고 증표 1개 가져오기
보상: 탈것 상자, 경험치 1000, 골드 1000

퀘스트 4:
이름: 마법사의 요구
내용: 마법사가 마법의 물약을 만들기 위해 특별한 재료를 구하고 있다. 이 문제를 해결하기 위해서는 마법의 물약을 만들기 위한 재료인 파란색 꽃 5개를 가져와야 한다.
태스크: 파란색 꽃 5개 가져오기
보상: 마법의 물약 상자, 경험치 1500, 골드 1500
