NPC 이름: 서바이브
스토리: 서바이브는 왕국의 왕실 기사로, 전장에서 능히 싸우고 모험을 떠날 수 있는 기술과 용기를 가지고 있습니다. 하지만 그는 전쟁 후 성에 돌아와 그간 자신의 행동을 반성하며, 이제는 왕실의 평화를 위한 임무를 맡고 있습니다.

퀘스트1: 수호의 결정
이름: 수호의 결정
내용: 수호의 결정은 왕실의 중요한 보물 중 하나입니다. 이것을 지키는 것은 왕실 기사의 중요한 임무 중 하나입니다. 이 보물은 왕국의 안위와 밀접하게 연관되어 있으며, 최근 이 보물이 침해를 받을 위험이 있다는 보고가 있어 수호를 강화하고자 합니다.
태스크: 수호의 결정 10개를 수집하십시오.
보상: 경험치 500, 골드 1000, 방어구 강화 주문서 5개

퀘스트2: 쥐의 왕
이름: 쥐의 왕
내용: 왕실은 침해를 받지 않도록 계속해서 수호를 강화해야 합니다. 그래서 서바이브는 성 내부의 작은 문제들에 대해서도 조사를 진행하고 있습니다. 최근에는 성 내부에 쥐떼가 생겨났는데, 이들의 리더인 쥐의 왕을 무찌르면 나머지 쥐도 흩어질 것입니다.
태스크: 쥐의 왕 1마리를 사냥하십시오.
보상: 경험치 300, 골드 500, 포션 10개

퀘스트3: 암흑 마법사
이름: 암흑 마법사
내용: 왕국 내부에서는 암흑 마법사의 활동이 거세게 이루어지고 있습니다. 그는 사악한 마법력으로 이국의 생명체들을 조종해 왕국을 침략하고 있습니다. 왕과 왕비는 그를 죽이는 새로운 방법을 찾고 있지만, 서바이브는 그의 행적을 파악하고 그를 처치할 것입니다.
태스크: 암흑 마법사와 그의 소환수 5마리를 처치하십시오.
보상: 경험치 700, 골드 1500, 무기 강화 주문서 3개

퀘스트4: 유적의 비밀
이름: 유적의 비밀
내용: 서바이브는 전쟁 중에 유적지에서 발견한 비밀이 있다는 소문을 듣게 됩니다. 하지만 그 유적은 정체를 알 수 없는 생명체들이 거주하는 위험한 땅입니다. 그래서 서바이브는 그 자리에 혼자서 가서 그 비밀을 밝히기로 결심합니다.
태스크: 유적으로 가서 비밀을 찾아 그 정보를 왕실에 보고하십시오.
보상: 경험치 1000, 골드 2000, 신비한 아이템 1개
