NPC 이름: 마이클
스토리: 마이클은 이 도시에서 가장 우수한 경찰관 중 한 명으로, 자신의 일에 최선을 다하는 성실한 사람이다. 그러나 최근 일어난 이상한 일들로 머리가 복잡해지고 있다.
퀘스트:
퀘스트1: [도시 안전을 위해 도전하라!]
이 도시 안전을 유지하기 위해 모든 부서의 경찰들은 일에 최선을 다하고 있습니다. 최근 일어난 위험한 사건들은 이 시민들에게 큰 충격이 되었습니다. 그러나 이들을 막기 위해서는 우리들의 역량이 부족합니다. 인내심을 가지고 이 도전에 도전하세요.

태스크: [보안에 필요한 물품들을 구해오세요.]
- 5 개의 보안 카메라
- 10 개의 경보기
보안 카메라는 도시 중심에 위치한 보안 회사에서, 경보기는 악명 높은 지하 시장에서 구할 수 있습니다.

보상: 경험치 500XP, 대량의 보안 문서, 1000 달러

퀘스트2: [비밀스러운 정보를 찾으러 가보자!]
최근 이상한 일들이 일어나고 있습니다. 혹시 이 도시의 비밀스러운 정보에 대해 알고 계신가요? 이 도시는 현재 난제를 맞이하고 있습니다. 그러나 여전히 풀리지 않은 문제들이 있습니다.

태스크: [비밀스러운 정보를 찾아서 가져오세요.]
- 살인 사건에 대한 현지건조 보고서
- 경찰서의 탄약 창고 비밀 명단
- 지하 네트워크 암호화 키 코드

살인 사건 보고서는 당신의 도움을 필요로 하는 관할 구역의 경찰서에서 얻을 수 있으며, 탄약 창고 비밀 명단 및 지하 네트워크 암호화 코드는 유일한 해결책이 시장에서 찾을 수 있습니다.

보상: 경험치 700XP, 대량의 무기 부품, 2000 달러

퀘스트3: [시위 참가자로부터 엄청난 탄압사건을 막으세요!]
이 도시의 시위는 항상 고요하게 진행되지 않습니다. 일부 집단은 폭력적인 시위를 주선하여 경찰이 이들을 막으려고 할 때까지 이들은 여기서 양극화된 것으로 여겨집니다. 이 외부 집단은 수많은 탄압 대상자를 가지고 있습니다. 이를 막는 데 도와주세요.

태스크: [시위 참가자로부터 대량의 탄압 물자를 수집하세요.]
- 대량의 진광성 가스 및 탄압용 수류탄
- 15 개의 와이어 로프 및 수심이 얕은 강변 지역 지도

와이어로프 및 강 지도는 시장의 마을 상점에서 구할 수 있으며, 가스탄 및 수류탄은 치안상황이 좋지 않은 지하 거래소에서 구할 수 있습니다.

보상: 경험치 1000XP, 특종 장비 세트, 5000 달러

퀘스트4: [교주들의 판매 네트워크를 습격하세요.]
교주들의 판매 네트워크는 이 도시의 법과 규제에 얽혀 있지 않으며, 교주들은 작은 범위의 통제만큼이나 광범위하게 활동합니다. 이것은 이 도시에서 불법으로 판매되는 상위 제품의 외부 공급자입니다. 이 팔레트는 경찰이 미처 파악하지 못한 광범위한 활동으로 이어집니다.

태스크: [교도소에서 특정 교주를 습격하고 구출하세요.]
교도소는 도시 근처의 한 지역에 있으며, 경찰에서 빌릴 수있는 전투용 장비가 필요합니다.

보상: 경험치 1500XP, 무기 및 방어구 임무, 7000 달러
