NPC 이름: 카이
스토리: 카이는 영웅을 꿈꾸는 젊은 검사이다. 그러나 아직은 너무 어리고 경험이 없다. 그래서 그는 더 강해지고 싶고, 이 세상에 공헌하고 싶어한다. 그의 열망은 높지만 마을에서는 그를 무시한다. 그래서 그는 퀘스트를 구하며 더욱 강해지고자 한다.

퀘스트 1: 보물의 탐구
퀘스트 내용: 카이는 보물을 찾아 다니다가 오래된 유적 속에서 유물을 발견했다. 그러나 그 유물을 꺼린 몬스터들이 그 유적을 지키고 있다. 유적 안으로 들어갈 수 있는 열쇠를 검거하여 꺼린 몬스터들을 물리치고 유물을 회수하라.
태스크:
- 유적 안으로 들어갈 수 있는 열쇠 1개 회수
- 유적 안에 있는 몬스터 중 보스 몬스터 1마리 처치
- 보스 몬스터 처치 시 유물 1개 획득

보상: 유적 속에서 획득한 유물은 높은 가치를 지니고 있어 카이에게 매우 큰 보상이 된다. 경험치 500, 골드 1000, 유물 1개(사용 아이템)

퀘스트 2: 악마의 군단
퀘스트 내용: 카이에게 '악마의 군단'이라고 불리는 적의 초대장이 도착했다. 이 적들은 신비한 마법을 사용해 세상을 파괴하고자 한다. 카이는 이 적들을 물리치기 위해 나선다.
태스크:
- 악마의 군단 일반병 사냥 10마리 처치
- 악마의 군단 중급병 사냥 5마리 처치
- 악마의 군단 고급병 사냥 3마리 처치
- 악마의 군단 대장 처치

보상: 악마의 군단을 물리치고 나면, 카이는 경험치와 골드, 그리고 악마의 군단이 사용했던 마법서를 획득할 수 있다. 경험치 800, 골드 1500, 마법서(사용 아이템)

퀘스트 3: 동굴 탐험
퀘스트 내용: 어둠의 동굴 안에서는 많은 몬스터들이 서식하고 있다. 그 중에서도 매우 위험한 몬스터가 있는데, 카이는 그 몬스터의 처치를 맡겨졌다.
태스크:
- 어둠의 동굴 입구에서 어떤 물품을 찾기
- 어둠의 동굴 중간에 있는 전투용 포션 찾기
- 어둠의 동굴 깊숙한 곳에 있는 몬스터 처치

보상: 어둠의 동굴에서는 서식하는 몬스터들이 드롭하는 물건 중에서도 가치가 높은 것들이 있다. 경험치 1000, 골드 2000, 포션, 몬스터 드롭 아이템(장비)

퀘스트 4: 왕노릇
퀘스트 내용: 왕궁 경비대장은 오랜 기간聞慮산雲궁의 경비를 담당해왔다. 그러나 최근에 왕궁에 소굴을 만들어 낸 몬스터떼에게 경비대가 점령당해서 왕궁 경비대장은 절망해있다. 카이는 왕궁 경비대지를 되찾으러 나서는데...
태스크:
- 왕궁 주변 지역에서 연못에 있는 몬스터 처치
- 왕궁 채광장에서 일하는 노동자 몬스터 처치
- 왕궁 지하 감옥에서 구출하기
- 왕궁 경비대장 지키기

보상: 왕궁 경비대장은 이 일로부터 많은 탄압을 받았다. 그러나 카이의 도움으로 고소한 마음을 가졌다. 그가 카이에게 주는 보상은 경험치와 선거액, 그리고 자신이 사용하던 검 중 하나였다. 경험치 1500, 골드 3000, 검(무기)
