NPC 이름: 파블로
스토리: 파블로는 왕국의 젊은 기사로, 명예와 충성심을 중요하게 생각합니다. 그러나 최근 왕실의 어떤 은밀한 일이 파블로의 눈에 띄게 되면서 그의 신념과 테게되는 일이 크게 바뀌게 됩니다.
퀘스트 1: 영웅의 검 찾기
이름: 영웅의 검 찾기
내용: 파블로는 왕국 역사상 가장 강력한 검인 영웅의 검을 찾는 임무를 맡습니다. 검은 전설적인 힘을 지니고 있으며, 파블로는 이를 이용해 왕국을 지키기 위해 노력하고 있습니다.
태스크: 영웅의 검을 얻기 위해 영웅의 무덤을 찾고 신호탄을 발사해 검을 찾는 곳으로 이동해야 합니다.
보상: 회복 물약 5개, 경험치 500, 골드 1000, 영웅의 검

퀘스트 2: 몬스터 사냥하기
이름: 몬스터 사냥하기
내용: 파블로는 마을을 공격하는 몬스터들로 인해 주민들이 위험에 빠졌다는 소식을 듣게 됩니다. 그는 이들을 쫓아내기 위해 몬스터들을 처치하러 갑니다.
태스크: 몬스터를 10마리 이상 잡고, 귀환하여 파블로에게 보고하십시오.
보상: 경험치 1000, 골드 1500, 체력 회복 물약 7개, 파블로의 검

퀘스트 3: 납품품 찾기
이름: 납품품 찾기
내용: 왕국이 전쟁으로 곤란한 상황에 처하게 되자, 파블로는 군대와 함께 전장으로 나가게 됩니다. 그러나 어떤 이유로 인해 납품품이 없어져서 진행 상황이 막히게 됩니다. 파블로는 이를 찾아 전쟁에 참전하기 위해 노력합니다.
태스크: 납품품을 찾기 위해 도시 내의 상인을 찾아보세요.
보상: 경험치 800, 골드 1300, 체력 회복 물약 5개, 파블로의 방패

퀘스트 4: 왕실 수호하기
이름: 왕실 수호하기
내용: 왕실 내부에서 반란이 일어나게 됩니다. 파블로는 왕과 왕비, 그리고 왕자를 지키기 위해 노력하며, 반란을 막기 위해 전투를 벌이게 됩니다.
태스크: 왕실 내부를 순찰하며 반란군을 모두 제거하세요.
보상: 경험치 1200, 골드 2000, 체력 회복 물약 10개, 파블로의 갑옷
