NPC 이름: 클로버
스토리: 클로버는 그림자 속에서 감시자들을 관찰하고 정보를 수집한다. 그녀는 암살과 정보교환을 중재하는 일을 한다. 그리고 그녀는 위험한 소문으로 유명하다.
퀘스트:
퀘스트 1:
이름: 추적
내용: 클로버의 도움을 받아 용병단원들을 추적하는 것이 필요하다. 도움을 줄 준비가 되었으면, 용병단의 몇몇 대원들이 흔적을 남긴 곳에서 정보를 수집해 주는 것이 요청된다.
태스크: 용병대원들의 발자국을 조사하여 그들의 목적지를 찾아내고 타깃을 잡아라. (10마리)
보상: 돈 2000원, 경험치 500, 지퍼 잭(근거리 무기)

퀘스트 2:
이름: 암살
내용: 클로버는 이번 작전의 성공을 위해 누군가를 제거해야 한다. 이 작전은 모든 암살작전 중에서 가장 많은 돈과 명성을 얻을 수 있는 일이다.
태스크: 암살 대상을 찾아 준비하라. 대상은 경비병들로 보호받고 있으니, 주위의 감시카메라와 경비를 조심하면서 대상을 제거하라.
보상: 돈 5000원, 경험치 1000, 디지털 카메라(특수한 아이템, 목표물이 있는 곳을 스캔할 수 있는 기능이 있다.)

퀘스트 3:
이름: 열쇠 찾기
내용: 클로버가 몇몇 소중한 물건들을 잃어버렸다. 그녀는 그 물건들이 무엇인지 말하진 않았지만, 그녀가 필요하다느니 그 물건들을 찾는 대가로 보상을 주겠다고 말했다.
태스크: 클로버가 잃어버린 물건들을 찾아오라. 그녀는 물건의 세부 정보를 전해줄 것이고, 그것들이 어디에 있는지 설명해 줄 것이다.
보상: 돈 3000원, 경험치 800, 스캔 신발(걸을 때 스캔을 할 수 있는 신발)

퀘스트 4:
이름: 정보 교환
내용: 클로버는 다른 사람에게 정보를 제공해주기로 결심했다. 그 자격을 얻기 위해서는 정보를 구해와야 한다.
태스크: 클로버가 요청하는 정보를 수집하라. 그녀가 원하는 정보는 대형 정부 기관의 첨단 보안 시스템을 뚫고 들어가는 방법이다.
보상: 돈 7000원, 경험치 1500, 코니칼 헤드세트(모든 상황에서 날카로운 청음을 들려준다.)
