NPC 이름: 에간

스토리: 에간은 과거에는 대마법사였으나 자신의 교단과의 갈등으로 인해 이제는 혼자서 마을 주변을 돌아다니며 마을 주민들을 돕고 있다. 그는 과거 경험이 많아서 다양한 마법을 구사할 수 있다.

퀘스트1: 오염된 물

이름: 오염된 물

내용: 최근 이 마을 주변에 있는 연못의 물이 오염되어서 마을 주민들이 사용할 수 없게 되었다. 에간에게 그 문제를 해결해 달라는 요청을 받았다.

태스크: 연못으로 가서 10개의 오염된 물 샘플을 가져와라.

보상: 물약 제조에 필요한 재료 10개, 500골드, 경험치 200

퀘스트2: 마법서 찾기

이름: 붉은 마법서

내용: 에간은 자신의 과거 동료가 남긴 붉은 마법서를 찾고 있다. 그 마법서에는 강력한 마법이 담겨있다고 한다. 마을 주민들이 모두 에간에게서 퀘스트를 받아 다함께 마법서를 찾으려고 한다.

태스크: 마을 주변에서 붉은 마법서를 찾아서 에간에게 가져와라.

보상: 1000골드, 경험치 300, 붉은 마법서 사용 가능 (3회)

퀘스트3: 용 해치우기

이름: 화염용

내용: 최근 들어 마을 주변에 화염용이 출몰하여 주민들이 위험에 빠졌다. 에간은 마을 주민들의 안전을 위해 화염용을 처치해달라는 의뢰를 받았다.

태스크: 마을 주변에서 화염용 1마리 처치하기

보상: 1500골드, 경험치 500, 화염용 비늘 5장

퀘스트4: 신비한 재료 찾기

이름: 에드란의 수염

내용: 에간은 어떤 마법 구슬을 만들기 위해 특별한 재료가 필요하다. 그런데 그 재료는 희귀한 것으로 알려져 있어서 매우 어렵게 구할 수 있다.

태스크: 특정 지역에 서식하는 대형 오우거 에드란을 처치하여 수염 5개를 얻어와라.

보상: 2000골드, 경험치 800, 신비한 구슬 1개
