NPC 이름: 세리나
스토리: 세리나는 원래 왕실의 공주였지만, 자신의 의지로 왕실 기사가 되었다. 그녀는 항상 공정한 심판으로 도시를 수호하며, 자신의 실력으로 사람들의 신뢰를 얻고 있다.
퀘스트 1: 경비 장비의 구입
이름: 경비 장비 구입
내용: 마을 주민들이 요즘 도시 주변에서 돌아다니는 몬스터 떼 때문에 걱정합니다. 도시의 경비병에게 더 나은 방어 장비를 지급할 수 없을까요?
태스크: 철괴 30개, 가죽 50개 수집 및 도시 경비대장에게 전달
보상: 경험치 5000, 골드 500, 적극적인 방어 장비(갑옷)

퀘스트 2: 몬스터 퇴치
이름: 몬스터 퇴치
내용: 도시 주변에 출몰하는 '강령술사' 몬스터가 시민들을 공격 중입니다. 그것들을 잡아주세요. 
태스크: 강령술사 10마리 처치
보상: 경험치 6000, 골드 700, 지혜의 서 (스킬북)

퀘스트 3: 사라진 금화 찾기
이름 : 사라진 금화 찾기
내용 : 동족들은 금화가 사라졌다는 것을 알고 유행병으로 터져나왔습니다. 도시의 시장은 금화를 찾기 위해 왕실 기사의 도움을 청합니다.
태스크 : 금화 1000개 찾아서 도시 시장에게 전송
보상 : 경험치 8000, 골드 1000, 불사신의 반지

퀘스트 4: 마을 보안 강화
이름 : 마을 보안 강화
내용 : 마을의 경비대는 새로운 기술을 배우지 못해 마을 보안 매우 약합니다. 우리는 왕실 기사님의 도움을 받아 보안을 강화 할수 있을까요?
태스크 : 철괴 50개, 강화석 10개 수집 및 다이아몬드 갑옷 제작 및 도시 경비대장에게 전달
보상 : 경험치 10000, 골드 1500, 강화된 다이아몬드 갑옷.
