NPC 이름: 루카스
스토리: 루카스는 왕실 기사로서 훌륭한 전사입니다. 그는 유능한 기사로서 왕국을 지키는 일에 충실합니다. 그러나 요즘들어 왕의 명령에 대해 의심을 가지는 모습이 보입니다.
퀘스트:
퀘스트 1: 성을 지키는 용병
내용: 요즘들어 성에서 들어오는 이상한 소리와 함께 몬스터들이 들어오고 있습니다. 몬스터들을 쫓아내기 위한 용병들을 찾고 있습니다.
태스크: 용병 5명 구하기
보상: 경험치 300, 골드 500, 은갈치 5마리
퀘스트 2: 불행한 장군의 아들 구하기
내용: 정치의 난이 심화되어 장군 댁의 아들이 납치되어버렸습니다. 그를 구하기 위해서는 강력한 기사가 필요합니다.
태스크: 납치범 10명 사냥하기
보상: 경험치 500, 골드 800, 미스릴 갑옷 1개

NPC 이름: 아델리아
스토리: 아델리아는 왕실의 여왕으로서 지혜로움과 끔찍한 힘이 공존하는 우아한 여성입니다. 그녀는 굳은 결심력과 엄격한 사고방식으로 왕국을 다스리며, 그녀에 대한 대중들의 신뢰는 깊습니다.
퀘스트:
퀘스트 1: 용사의 인정 얻기
내용: 왕국을 지켜내기 위해서는 우수한 용사들이 필요합니다. 우수한 용사들이 왕국의 유저를 끌어모으기 위해서는 여왕의 보호를 받아야 합니다.
태스크: 용사 3명 인정 얻기
보상: 경험치 200, 골드 400, 보라색 포션 10개
퀘스트 2: 잃어버린 왕관 찾기
내용: 요즘들어 왕관이 훔쳐졌습니다. 그것을 찾아내는 일을 부탁드립니다.
태스크: 잃어버린 왕관 찾아내기
보상: 경험치 500, 골드 1000, 루비 1개
