NPC 이름 : 미리엘
스토리 : 미리엘은 마법사로서, 마법의 깊은 곳에 있는 마력을 조작하는 일을 한다. 그녀는 자신이 꿈꾸는 이상적인 세계를 위해 끊임없이 연구하며, 이 세계에는 더 이상 불필요한 호전성이 없는 공평하고 평화로운 세상이 있기를 바라고 있다. 그리고 이를 위해 필요한 마법 물질들을 구하고자 항상 모험가들을 기다리고 있다.

퀘스트 1:
이름 : 마력의 결정체
내용 : 미리엘은 마력이 깊이 저장된 결정체를 만들 수 있게 된 꿈과 갈망을 가지고 있다. 결정체를 만드는 데는 강력한 마력을 필요로 하지만 그녀 자신의 마력으로는 한계가 있기 때문에 기존의 결정체를 모아오기로 한다. 미리엘은 모험가에게 5개의 마력 결정체를 가져오라고 요청한다.
태스크 : 마력 결정체 5개 획득
보상 : 경험치 500, 마력 투여 물약 3개

퀘스트 2:
이름 : 숲속의 요술
내용 : 미리엘은 마법의 원천인 자연과 조화하는 마법을 연구하고 있다. 이번에는 마력이 깊이 저장된 나무를 찾아오라고 요청한다. 그러나 나무는 숲속 깊숙한 곳에 있기 때문에, 숲속에서 사냥을 하거나 나무를 찾아오는 훈련을 하도록 한다.
태스크 : 숲속에서 몬스터 10마리 사냥하거나, 숲속에서 깊이 저장된 나무 3개 획득
보상 : 경험치 1000, 마력이 깊이 저장된 나무 막대기

퀘스트 3:
이름 : 마력의 세계
내용 : 미리엘은 자신의 마력을 더욱 키우기 위해 마력이 깊이 저장된 세계로 들어간다. 그곳에서는 위험한 몬스터들과 마력의 장벽이 미리엘을 막아 세계로 돌아올 수 없게 만든다. 미리엘은 신호탄을 보내어 모험가에게 도움을 요청한다.
태스크 : 마력의 세계에서 몬스터 5마리 사냥하고, 마력의 장벽 파괴
보상 : 경험치 1500, 마력 결정체 2개

퀘스트 4:
이름 : 달빛의 약병
내용 : 미리엘은 달빛이 깊이 저장된 약병 한 병을 만들고자 한다. 약병은 특수한 재료로 제작되어야 하며, 약병을 제작한 뒤에는 달빛이 가득 찬 정원에서 그것을 축복하여야 한다.
태스크 : 특수한 재료를 가져오고, 약병 제작 및 정원에서 축복
보상 : 경험치 2000, 달빛의 약병 1개
