NPC 이름: 멜리사
스토리: 멜리사는 옛날부터 마법을 배우려던 소녀였다. 어려울줄 알았지만 그녀는 끝없는 밤을 지새며 마법학을 익혔다. 결국 그녀는 최고의 마법사가 되어 영광스러운 존재가 되었다. 그리고 마법의 실체를 깊이 이해함으로써, 더욱 강력하고 효과적인 마법을 발명하려 노력하고 있다.

퀘스트1: 마법 책 찾기
퀘스트1 이름: "비밀의 책"
내용: 멜리사는 몇 년간 이 마을의 마법학 교사로 일하다가 떠나는데, 그녀는 이 마을의 도서관에 비밀의 마법책을 두고 떠난 것 같다. 이 책은 멜리사만이 이해할 수 있는 책이기도 하지만, 그녀가 만든 것이기 때문에 다른 마법사들도 쓸모있게 사용할 수 있을 것이다. 도서관을 찾아서 그 책을 가져다 주면 된다.
태스크: 도서관에 가서 책 찾기
보상: 경험치 100,000, 골드 10,000, 마법 "불태우기" 스크롤 3개

퀘스트2: 오래된 물약 찾기
퀘스트2 이름: "오래된 생명의 물"
내용: 멜리사는 굉장히 오랜 시간 동안 마법학을 공부해왔다. 오래전부터 멜리사는 약초와 식물, 그리고 생명 에너지를 이용한 물약에 대한 연구를 해왔다. 이번에는 여행을 떠나야 하는데, 그녀의 연구실에 있는 오래된 생명의 물이 필요하다. 그 물은 오래되었지만 아직도 엄청난 생명력을 지니고 있는 물이다. 그녀의 연구실에 들어가 물을 찾아서 가져다 줄 수 있겠는가?
태스크: 멜리사의 연구실에 들어가서 오래된 생명의 물 찾기
보상: 경험치 150,000, 골드 20,000, 생명력 회복 물약 10개

퀘스트3: 마력 수정 채굴하기
퀘스트3 이름: "마력 수정 출산 특수 연출"
내용: 멜리사의 연구를 위해서는 강력한 마력의 수정이 필요하다. 이 수정은 마법의 힘을 강화하는 데에도 사용될 수 있다. 그녀는 이 지역에 있는 무슨 비밀이 있는 마력 수정 광산을 찾아서 수정을 캐내 가져다 줄 수 없을까?
태스크: 광산에 가서 마력 수정 캐내기
보상: 경험치 200,000, 골드 30,000, 마력 강화 수정 5개

퀘스트4: 악한 마법사 처단하기
퀘스트4 이름: "마법 전쟁"
내용: 멜리사는 이 지역에 사는 친구들이 악한 마법사에게 고통을 받고 있다는 소식을 듣게 되었다. 그녀는 자신의 마법실력을 살리기 위해 악한 마법사와 마법 대결을 한다. 이 대결에서 멜리사는 그녀의 강력한 마법으로 악한 마법사를 처단할 것이다. 그러나 그녀는 혼자 일치기에는 위험하다. 당신이 그녀를 도울 수 있겠는가?
태스크: 악한 마법사 처단하기
보상: 경험치 300,000, 골드 50,000, 마법 "번개의 격노" 스크롤 3개
