NPC 이름: 에드워드 상스
스토리: 에드워드는 도시의 권력을 쥐고 있는 정치인이다. 그는 도시를 다스리는데 있어 강력한 입지를 가지고 있으며, 그의 결정이 도시의 운명을 좌우한다. 그는 도시의 경제에 대한 전반적인 지식과 통찰력을 가지고 있으며, 정치인으로서의 인격과 비전도 빼놓을 수 없다. 그는 시민들에게 귀를 기울이며, 그들의 요구사항을 들어 주기도 한다.
퀘스트1: 무인도의 보물
이름: 잃어버린 보물
내용: 에드워드는 시민들의 이목을 끌기 위해 무인도에서 잃어버린 보물을 찾으라는 임무를 주었다. 보물의 위치는 알려주지 않았지만, 에드워드는 보물이 의미하는 바가 무엇인지 이해하고 있다.
태스크: 무인도에 가서 잃어버린 보물을 찾아오세요. 보물을 찾는 동안, 무인도에 서식하는 몬스터와 막대한 수의 함정을 넘어가야 합니다.
보상: 경험치 1000, 금화 500, 장신구 1개(양면 소총), 보물 상자 1개(랜덤한 아이템 3개 드랍), NPC와의 관심도 상승

퀘스트2: 군수 물자 수색
이름: 재고 조사
내용: 에드워드는 도시에 대한 비상 대비를 위해 군수 물자의 재고를 파악하라는 임무를 주었다. 그는 군수 물자가 부족하다면 대비가 불충분할 것이라고 생각한다.
태스크: 도시 내 군수 창고에서 발견되는 총알, 수류탄, 의약품 등의 군수 물자를 수색해 보고 에드워드에게 보고해 주세요.
보상: 경험치 500, 금화 300, 무기류 1개(소형 핸드건), 군수 물자 5개(총알, 수류탄, 의약품), NPC와의 관심도 상승

퀘스트3: 침입자 제압
이름: 도시 침입자
내용: 에드워드는 도시 침입자에 대한 위협을 인식하고 있다. 그는 침입자를 제압하라는 임무를 주었다. 침입자는 도시 내부에 침입한 악당으로, 그의 의도를 간파하지 못하면 도시 파괴 위기에 빠질 수 있다.
태스크: 도시 내부에 침입한 악당을 제압해 보고 그의 의도와 배후를 파악하기 위해 자료를 수집하세요.
보상: 경험치 800, 금화 400, 방어구 1개(빈티지 가죽 조끼), 무기류 1개(파이크), NPC와의 관심도 상승

퀘스트4: 풍요로운 농작물 키우기
이름: 재배 농가
내용: 에드워드는 도시 군수에게 제공할 농작물에 대한 부족에 대해 걱정하고 있다. 그래서 재배 농가를 조사하라는 임무를 주었다. 농가에서는 채소, 과일 등 다양한 농작물을 생산하고 있으며, 이를 군수 창고로 운송해야 한다.
태스크: 도시 인근에 위치한 재배 농가를 방문해서, 작물 생산량과 문제점 등을 파악해 보고 에드워드에게 보고하세요. 또한, 농작물을 30개수집해서 군수 창고로 운반하세요.
보상: 경험치 1200, 금화 600, 농작물 30개(채소, 과일), 악행 등급 하락, NPC와의 관심도 상승
