NPC 이름: 대장간주인 이사벨
스토리: 이사벨은 전설적인 요리사 출신으로, 당신에게 요리를 알리게 된 사람이다. 그녀는 지난 몇 년간 왕궁에서 궁중 요리사로 일했으며, 그녀의 요리는 왕족들 사이에서 매우 유명하다. 그녀는 당신에게 최고의 요리를 만들라는 요청을 한다.
퀘스트:
- 이름: 최고의 요리
  내용: 이사벨은 판타지 세계에서 요리 경쟁이 가장 치열하다는 것을 알고 있다. 당신은 이사벨에게 당신이 가진 가장 재료를 사용하여 최고의 요리를 만들어 달라고 요청받았다.
  태스크: 파란 물고기 5마리와 붉은 사과 10개를 모아오세요.
  보상: 100골드, 당신의 능력치 중 하나를 5 업그레이드할 수 있는 아이템 1개

- 이름: 요리 대회 출전
  내용: 이사벨은 당신이 최고의 요리를 만들 수 있는 요리사라는 것을 깨달았다. 요리 대회에 참가하여 왕족들의 입맛을 사로 잡아라.
  태스크: 출전하기 위해서는 대회 입장료인 200골드를 모아야 합니다.
  보상: 500골드, 당신의 능력치 중 하나를 10 업그레이드할 수 있는 아이템 1개

- 이름: 당신의 스킬 향상
  내용: 이제 당신은 요리사로서 훌륭한 평판을 갖고 있다. 하지만 여전히 개선해야 할 점이 있다. 이사벨은 당신을 심사숙고하게 바라보고 당신의 요리 기술 향상을 위한 퀘스트를 제공한다.
  태스크: 이사벨이 요구하는 3가지 소량의 특별한 조미료를 여행을 통해 모아오세요.
      - 꽃송이버섯 달인의 비밀 얻기 - 호수 근처의 동굴에서 5마리 이상의 꽃송이버섯을 잡으세요.
      - 정체불명의 향신료 - 마을 주변의 숲에서 찾으세요.
      - 작은 용의 비늘 - 용이 서식하는 호수 근처에서 용을 잡아 비늘을 얻으세요.
  보상: 1000골드, 당신의 능력치 중 하나를 20 업그레이드할 수 있는 아이템 1개

- 이름: 궁중요리사로서의 위상
  내용: 이제 당신은 왕족들 사이에서 유명한 요리사가 되었다. 왕궁에서 최고의 요리를 만들라는 부름이 왔지만, 당신은 계속해서 궁중에서 일하며 일상적인 요리들을 담당한다. 하지만 왕을 제외한 모든 우수한 궁중 요리사가 집결해 대규모 요리 대회를 하기로 결정하였고, 이를 위해 당신의 요리 기술이 필요하다.
  태스크: 이사벨이 요구하는 특정한 키친웨어를 구해와라.
      - 전설의 솥: 전설의 솥은 여러 궁중 요리사들이 소문 내는 대단한 부적이다. 이 부적을 구할 수 있다면 결코 그렇게 망설이지 않을 거야.
      - 바삭한 요리를 만들 수 있는 석쇠: 모래와 반죽, 무게가 15Kg 이상인 물건을 가져와 궁중에서 사용하는 불길에 그 위에 놓고 사용 가능한 석쇠를 만들어라.
      - 식자재 보관함: 궁중요리사들은 방대한 양의 식자재가 필요하다. 이를 보관할 수 있는 식자재 보관함을 구해와라.
  보상: 2000골드, 당신의 능력치 중 하나를 30 업그레이드할 수 있는 아이템 1개  + 궁중 요리사로서의 명성
