NPC 이름 : Shadow
스토리 : Shadow는 사이버펑크 세계에서 가장 유명한 암살자 중 하나로, 그녀를 알지 못하는 사람은 거의 없다. 능숙한 신체능력과 뛰어난 전투 기술을 지니고 있으며, 어떤 목표물이든 제거하는 일은 아무것도 아니다. 그녀의 명성에 비해, 그녀 본인은 대체로 신비롭고 누구에게도 속박받지 않으며, 혼자만의 생활을 즐긴다.

퀘스트 1 : 은밀한 제거
이름 : 대상 지정
내용 : 최근 이 지역에 들어와 폐업한 쇼핑몰에서, 대량의 테러 공습을 계획하고 있는 그룹의 보스가 나타났다. 이 그룹의 모든 멤버들은 중요한 비밀을 지니고 있기 때문에, 이 보스를 제거하고 그들의 계획을 막아야 한다.
태스크 : 쇼핑몰로 가서, 보스와 그룹의 멤버들을 제거하고 남아있는 모든 정보를 수집한다. 그리고 그 정보들을 나에게 주면, 보상을 받을 수 있다.
보상 : 5000원, 현금, 경험치 1000, 스텔스 장갑(방어력 10, 스텔스 효과, 내구도 50%)

퀘스트 2 : 지하정보
이름 : 해킹 작업
내용 : 내가 업계에서 일하는 중요한 사람에게 선물을 준다. 이 선물은 지하시장에서 구할 수 있는 최신 정보를 제공할 것이다. 하지만, 나에게 그 정보를 가져와달라는 요청이 들어왔다. 이 요청을 거절할 수 없기 때문에, 지하시장으로 내려가서 그 정보를 가져와야 한다.
태스크 : 지하시장으로 가서, 보안 시스템을 해킹하고 그 정보를 찾아내어 가져와야 한다. 혹시, 어려움을 겪는다면 내게 연락할 것.
보상 : 3000원, 경험치 800, 해킹 프로그램, 임시 프로그램 (공격력 20, 내구도 20%)

퀘스트 3 : 불가사리 채취
이름 : 유실물 수거
내용 : 최근에 일어난 탈북자들의 폭동으로 인해, 연구소에서 유실된 물건이 많다. 그 중에는 실험용 불가사리가 포함되어 있다. 이 불가사리는 가치가 매우 높기 때문에, 그것을 찾아와 달라는 요청을 받았다.
태스크 : 연구소에 들어가서 유실된 불가사리를 찾아내어 가져와야 한다. 그러나, 불가사리는 매우 부실하기 때문에 언제가 올 수 있다. 그러므로, 그것을 잡을 수 있는 도구를 가져오는 것이 좋다.
보상 : 2000원, 경험치 500, 불가사리 상자(사용 시 체력 회복 50%)

퀘스트 4 : 경호원 퇴치
이름 : 협상 불가능
내용 : 새로 생긴 지하 클럽에서 일어난 문제 때문에, 경호원들이 일을 못하게 된 상황이다. 그래서 클럽의 주인은 내게 경호원들을 퇴치해달라고 요청하였다.
태스크 : 경호원들을 찾아내고, 그들을 섬멸하는 것이 최우선 목표이다. 반드시 클럽 손님들이 없는 시간에 진행해야 한다.
보상 : 4000원, 경험치 900, RPD 기관총(공격력 80, 사거리 50)
