NPC 이름: 라이언
스토리: 라이언은 왕궁에서 태어난 왕실 기사로, 어릴 적부터 엄격한 훈련으로 기사가 되었다. 오직 왕실과 왕을 위해 싸우며, 어떤 어려움도 극복할 판타지 세계 최강의 기사이다. 
퀘스트 1:
이름: 악마의 무리
내용: 악마들이 왕국에 나타나 마을들을 파괴하고 시민들을 잡아간다. 이러한 상황에 대처하여 악마 무리를 처치해주길 바란다.
태스크: 마을에 나타난 악마를 총 10마리 처치해주십시오.
보상: 경험치 100, 금화 500, 강화의돌 5개

퀘스트 2:
이름: 왕관의 수호
내용: 왕국에 정체불명의 적이 쳐들어왔다. 왕관과 왕이 위험에 처해있다. 왕실 기사로서 왕을 지켜주고 왕관을 되찾아오도록 하자.
태스크: 성에 들어와 적들을 처치하고 왕과 왕관을 구해주십시오.
보상: 경험치 200, 금화 1000, 회복포션 10개

퀘스트 3:
이름: 신비한 마법서
내용: 가장 강력한 마법서를 찾으려면, 주인공이 마을 사람들에게 물어보는 것 뿐만 아니라, 마법사의 도움이 필요하다.
태스크: 마을 근처에 있는 마법사를 찾아 그 마법사가 가진 마법서를 얻어오십시오.
보상: 경험치 300, 금화 1500, 마법서 1개

퀘스트 4:
이름: 드래곤의 수호
내용: 마을을 지켜주는 드래곤이 어느 날 갑자기 심하게 다친 상태로 발견되었다. 드래곤을 위협하는 강력한 적들을 제압하고, 드래곤을 치료하십시오.
태스크: 드래곤이 다친 이유를 찾아 적을 처치하고 드래곤을 치료해주십시오.
보상: 경험치 400, 금화 2000, 드래곤의 비늘 10개
