NPC 이름: 델리아
스토리: 델리아는 검사 중에서도 특별한 능력을 가진 검사이다. 그녀는 어린 시절부터 검도를 배우고 자라며, 그녀의 검술 실력은 많은 사람들을 놀라게 했다. 하지만 그녀는 검사로서의 능력 뿐만 아니라 인간적인 면에서도 뛰어나다. 그녀의 조언과 지도는 어린 검사들 중에서도 큰 도움이 된다.
퀘스트: 
1. 퀘스트1 이름: 사라진 보물
내용: 마을의 보물이 도둑맞아 사라졌다. 그 보물은 마을 주민들이 소중히 다루고 있었다. 델리아는 그 보물의 잃어버린 자취를 찾아 떠난다.
태스크: 
- 도난당한 보물을 찾는다.
- 보물을 도난한 범인을 잡는다.
보상: 
- 500골드, 경험치 1000, '보물의 열쇠' 아이템*1 

2. 퀘스트2 이름: 검술 대회
내용: 마을에서는 검술 대회가 열릴 예정이다. 대회에 참가하기 위해서는 특정한 아이템이 필요한데, 그 아이템은 이전 대회 우승자의 소지품에 있다. 델리아는 그 아이템을 구해서 대회에 참가하려고 한다.
태스크: 
- 이전 대회 우승자의 소지품을 찾는다.
- 아이템을 구해서 대회에 참가한다.
보상: 
- 1000골드, 경험치 2000, '검술 대회 우승자의 메달' 아이템*1

3. 퀘스트3 이름: 해결해야 하는 업무
내용: 마을 경비대에서 일하는 델리아는 마을을 지키기 위해 매일 밤마다 정기적으로 진행되는 경비를 맡고 있다. 어느날, 그녀는 마을 주변에 이상한 소리가 들리는 것을 발견한다. 그것은 마을 주변을 돌아다니는 몬스터들의 소리였다. 마을은 위험에 빠진 상태이며, 그녀는 이를 해결하러 떠난다.
태스크: 
- 마을 주변을 돌아다니는 몬스터들을 제거해야 한다.
- 몬스터들 중에서 특별한 몬스터를 한 마리 이상 잡아야 한다.
보상: 
- 2000골드, 경험치 3000, '몬스터 퇴치의 달인' 아이템*1

4. 퀘스트4 이름: 작은 도전
내용: 어느 날, 마을에 새로운 도전이 시작된다. 그것은 바로 델리아가 주도하는 '검술 대전'이다. 대회에 참가할 수 있는 검사들은 델리아와 몸싸움을 하여 선발되어야 한다. 하지만, 델리아는 이전 대회의 우승자와는 달리 누구든지 대회에 참가할 수 있는 기회를 주기 위해 이 대회를 열린 시설로 만들었다. 델리아와 대련한 뒤 대회에 참가할 수 있는 유력 후보로서 선발되어라.
태스크: 
- 델리아와 대련 후 승리한다.
- 대회에 참가하기 위한 추가적인 조건을 충족한다.
보상: 
- 3000골드, 경험치 5000, '검술 대회 우승자 나의 영광의 방패' 아이템*1
