NPC 이름: 클로버
스토리: 클로버는 사이버펑크 세계에서 유명한 암살자이다. 그녀는 경영인이나 정치인 등 척결해야 할 대상들을 조용히 해결해 왔고, 그녀의 능숙한 기술과 특별한 무기를 가진다. 그녀는 현재 사라졌고, 그녀를 찾는 사람들이 모인다.
퀘스트:
퀘스트1:
이름: 클로버 찾기
내용: 클로버를 찾아라. 기술적인 것을 활용하여 이를 수행할 수 있으며, 그녀가 명백한 이유로 사라진 것 같다. 그녀와의 만남을 위해서는 그녀의 숨겨진 보금자리를 찾아야 할 것이다.
태스크: 클로버 숨겨진 보금자리 찾기
보상: 경험치, 돈, 클로버와의 만남을 위한 숨겨진 보금자리 위치 제공

퀘스트2:
이름: 클로버 암살
내용: 당신은 클로버와의 만남에서 그녀의 실력에 감명을 받았다. 하지만 이번에는 그녀를 암살해야 한다. 고액의 보상과 함께 그녀를 제거하라.
태스크: 클로버 제거
보상: 경험치, 돈, 고급 무기 한종류

퀘스트3:
이름: 보안 우회
내용: 당신은 중요한 데이터를 획득해야 한다. 하지만 보안 체계가 너무 강력한 이곳에서는 접근이 불가능하다. 그래서 클로버와의 협동으로 보안 시스템을 우회할 방법을 찾아야 한다.
태스크: 보안 체계 우회 방법 찾기
보상: 경험치, 돈, 보안체계 우회 전문가 무기 제공

퀘스트4:
이름: 목표물 암살
내용: 당신은 산업 스파이로부터 강력한 적의 정보를 받았다. 이적이라고 하는 무리를 조사해야 하는데 그들 중 한명이 마을 내부에 숨어 있기 때문이다. 그래서 이를 알아내기 위해서는 그의 동행자들이 구사일생이 되어야 할 것이다.
태스크: 구사일생 암살
보상: 경험치, 돈, 무기 제공
